2024-10-16 08:43:42,852 [INFO] Activator:176 - 


2024-10-16 08:43:42,862 [INFO] Activator:177 - !SESSION log4j initialized
2024-10-16 08:43:55,106 [INFO] LogOutputStream:77 - [STDOUT_REDIRECT] 
2024-10-16 08:44:02,364 [INFO] ApplicationProperties:184 - Using Application install path: C:\ST\STM32CubeIDE_1.16.0\STM32CubeIDE\plugins\com.st.stm32cube.common.mx_6.12.0.202406281431
2024-10-16 08:44:02,406 [INFO] DbMcusXml:78 - Set database path to: C:\ST\STM32CubeIDE_1.16.0\STM32CubeIDE\plugins\com.st.stm32cube.common.mx_6.12.0.202406281431\\db\/mcu/
2024-10-16 08:44:02,407 [INFO] ApiDb:274 - Set plugin database path to: C:\ST\STM32CubeIDE_1.16.0\STM32CubeIDE\plugins\com.st.stm32cube.common.mx_6.12.0.202406281431\\db\/plugins/boardmanager/
2024-10-16 08:44:02,409 [WARN] ApiDb:259 - Overriding images path with different value:  => C:\ST\STM32CubeIDE_1.16.0\STM32CubeIDE\plugins\com.st.stm32cube.common.mx_6.12.0.202406281431\\db\/plugins/mcufinder/images/
2024-10-16 08:44:02,443 [INFO] ApiDb:250 - Set database path to: C:\Users\alesa\.stmcufinder\plugins\mcufinder//mcu/
2024-10-16 08:44:02,447 [INFO] DbMcusAds:125 - Set database path to: C:\Users\alesa\.stmcufinder\plugins\mcufinder//mcu/
2024-10-16 08:44:02,456 [INFO] CrossReferenceDbSqlite:203 - Set database path to: C:\Users\alesa\.stmcufinder\plugins\mcufinder//mcu/cs/
2024-10-16 08:44:02,688 [INFO] RulesReader:64 - Compatibility file has been processed (297 Rules)
2024-10-16 08:44:02,838 [INFO] DbMcusXml:78 - Set database path to: C:\ST\STM32CubeIDE_1.16.0\STM32CubeIDE\plugins\com.st.stm32cube.common.mx_6.12.0.202406281431\\db\/mcu/
2024-10-16 08:44:02,838 [INFO] ApiDb:274 - Set plugin database path to: C:\ST\STM32CubeIDE_1.16.0\STM32CubeIDE\plugins\com.st.stm32cube.common.mx_6.12.0.202406281431\\db\/plugins/boardmanager/
2024-10-16 08:44:02,839 [INFO] ApiDb:261 - Set plugin images path to: C:\ST\STM32CubeIDE_1.16.0\STM32CubeIDE\plugins\com.st.stm32cube.common.mx_6.12.0.202406281431\\db\/plugins/mcufinder/images/
2024-10-16 08:44:02,839 [WARN] DbFile:41 - Overriding database path with different value: C:\Users\alesa\.stmcufinder\plugins\mcufinder/ => C:\Users\alesa\.stmcufinder\plugins\mcufinder
2024-10-16 08:44:02,839 [INFO] ApiDb:250 - Set database path to: C:\Users\alesa\.stmcufinder\plugins\mcufinder//mcu/
2024-10-16 08:44:02,839 [WARN] DbFile:41 - Overriding database path with different value: C:\Users\alesa\.stmcufinder\plugins\mcufinder/ => C:\Users\alesa\.stmcufinder\plugins\mcufinder
2024-10-16 08:44:02,839 [INFO] DbMcusAds:125 - Set database path to: C:\Users\alesa\.stmcufinder\plugins\mcufinder//mcu/
2024-10-16 08:44:02,839 [WARN] DbFile:41 - Overriding database path with different value: C:\Users\alesa\.stmcufinder\plugins\mcufinder/ => C:\Users\alesa\.stmcufinder\plugins\mcufinder
2024-10-16 08:44:02,840 [WARN] DbFile:41 - Overriding database path with different value: C:\Users\alesa\.stmcufinder\plugins\mcufinder/ => C:\Users\alesa\.stmcufinder\plugins\mcufinder
2024-10-16 08:44:02,840 [INFO] CrossReferenceDbSqlite:203 - Set database path to: C:\Users\alesa\.stmcufinder\plugins\mcufinder//mcu/cs/
2024-10-16 08:44:02,984 [INFO] MainPanel:268 - HeapMemory: 268435456
2024-10-16 08:44:03,172 [INFO] DbMcusXml:78 - Set database path to: C:\ST\STM32CubeIDE_1.16.0\STM32CubeIDE\plugins\com.st.stm32cube.common.mx_6.12.0.202406281431\\db\/mcu/
2024-10-16 08:44:03,172 [INFO] ApiDb:274 - Set plugin database path to: C:\ST\STM32CubeIDE_1.16.0\STM32CubeIDE\plugins\com.st.stm32cube.common.mx_6.12.0.202406281431\\db\/plugins/boardmanager/
2024-10-16 08:44:03,172 [INFO] ApiDb:261 - Set plugin images path to: C:\ST\STM32CubeIDE_1.16.0\STM32CubeIDE\plugins\com.st.stm32cube.common.mx_6.12.0.202406281431\\db\/plugins/mcufinder/images/
2024-10-16 08:44:03,173 [WARN] DbFile:41 - Overriding database path with different value: C:\Users\alesa\.stmcufinder\plugins\mcufinder/ => C:\Users\alesa\.stmcufinder\plugins\mcufinder
2024-10-16 08:44:03,173 [INFO] ApiDb:250 - Set database path to: C:\Users\alesa\.stmcufinder\plugins\mcufinder//mcu/
2024-10-16 08:44:03,173 [WARN] DbFile:41 - Overriding database path with different value: C:\Users\alesa\.stmcufinder\plugins\mcufinder/ => C:\Users\alesa\.stmcufinder\plugins\mcufinder
2024-10-16 08:44:03,173 [INFO] DbMcusAds:125 - Set database path to: C:\Users\alesa\.stmcufinder\plugins\mcufinder//mcu/
2024-10-16 08:44:03,173 [WARN] DbFile:41 - Overriding database path with different value: C:\Users\alesa\.stmcufinder\plugins\mcufinder/ => C:\Users\alesa\.stmcufinder\plugins\mcufinder
2024-10-16 08:44:03,173 [WARN] DbFile:41 - Overriding database path with different value: C:\Users\alesa\.stmcufinder\plugins\mcufinder/ => C:\Users\alesa\.stmcufinder\plugins\mcufinder
2024-10-16 08:44:03,173 [INFO] CrossReferenceDbSqlite:203 - Set database path to: C:\Users\alesa\.stmcufinder\plugins\mcufinder//mcu/cs/
2024-10-16 08:44:03,204 [INFO] ApplicationProperties:184 - Using Application install path: C:\ST\STM32CubeIDE_1.16.0\STM32CubeIDE\plugins\com.st.stm32cube.common.mx_6.12.0.202406281431
2024-10-16 08:44:03,205 [INFO] PluginManage:196 - Search for loadable plugins [exclusion list=, ]
2024-10-16 08:44:03,208 [INFO] PluginManage:310 - Check plugin analytics
2024-10-16 08:44:03,500 [INFO] AnalyticsPlugin:253 - Accepted Software Licenses: 
2024-10-16 08:44:03,501 [INFO] AnalyticsPlugin:255 - Accepted CMSIS Pack Licenses: 
2024-10-16 08:44:03,502 [INFO] AnalyticsPlugin:257 - Accepted Firmware Licenses: FW.F4.1.28.0
2024-10-16 08:44:03,508 [INFO] PluginManage:359 - Loaded plugin analytics (category:tool,tabindex:-1)
2024-10-16 08:44:03,509 [INFO] PluginManage:310 - Check plugin cadmodel
2024-10-16 08:44:03,542 [INFO] CADModel:105 - Init CAD model plugin
2024-10-16 08:44:03,542 [INFO] PluginManage:359 - Loaded plugin cadmodel (category:power,tabindex:5)
2024-10-16 08:44:03,543 [INFO] PluginManage:310 - Check plugin clock
2024-10-16 08:44:03,584 [INFO] PluginManage:359 - Loaded plugin clock (category:base,tabindex:2)
2024-10-16 08:44:03,585 [INFO] PluginManage:310 - Check plugin ddr
2024-10-16 08:44:03,589 [INFO] PluginManage:359 - Loaded plugin ddr (category:tool,tabindex:6)
2024-10-16 08:44:03,589 [INFO] PluginManage:310 - Check plugin filemanager
2024-10-16 08:44:03,828 [INFO] PluginManage:359 - Loaded plugin filemanager (category:base,tabindex:10)
2024-10-16 08:44:03,828 [INFO] PluginManage:310 - Check plugin ipmanager
2024-10-16 08:44:03,841 [INFO] PluginManage:359 - Loaded plugin ipmanager (category:base,tabindex:5)
2024-10-16 08:44:03,841 [INFO] PluginManage:310 - Check plugin lpbam
2024-10-16 08:44:03,873 [INFO] PluginManage:359 - Loaded plugin lpbam (category:base,tabindex:0)
2024-10-16 08:44:03,873 [INFO] PluginManage:310 - Check plugin memorymap
2024-10-16 08:44:03,916 [INFO] PluginManage:359 - Loaded plugin memorymap (category:base,tabindex:4)
2024-10-16 08:44:03,916 [INFO] PluginManage:310 - Check plugin pinoutandconfiguration
2024-10-16 08:44:03,941 [INFO] PluginManage:359 - Loaded plugin pinoutandconfiguration (category:base,tabindex:1)
2024-10-16 08:44:03,942 [INFO] PluginManage:310 - Check plugin pinoutconfig
2024-10-16 08:44:04,091 [WARN] SupportedApi:132 - Cannot load RTOS API schema: s4s-elt-must-match.1: The content of 'definitions' must match (annotation?, (simpleType | complexType)?, (unique | key | keyref)*)). A problem was found starting at: attribute.
2024-10-16 08:44:04,333 [INFO] PluginManage:359 - Loaded plugin pinoutconfig (category:base,tabindex:0)
2024-10-16 08:44:04,333 [INFO] PluginManage:310 - Check plugin power
2024-10-16 08:44:04,368 [INFO] PluginManage:359 - Loaded plugin power (category:power,tabindex:4)
2024-10-16 08:44:04,368 [INFO] PluginManage:310 - Check plugin projectmanager
2024-10-16 08:44:04,398 [INFO] PluginManage:359 - Loaded plugin projectmanager (category:projectmanager,tabindex:4)
2024-10-16 08:44:04,398 [INFO] PluginManage:310 - Check plugin rif
2024-10-16 08:44:04,421 [INFO] PluginManage:359 - Loaded plugin rif (category:base,tabindex:3)
2024-10-16 08:44:04,421 [INFO] PluginManage:310 - Check plugin thirdparty
2024-10-16 08:44:04,863 [INFO] PluginManage:359 - Loaded plugin thirdparty (category:base,tabindex:-1)
2024-10-16 08:44:04,865 [INFO] PluginManage:310 - Check plugin tools
2024-10-16 08:44:04,865 [WARN] IntegrityCheckThread:84 - waiting for thirdparty lock release [integrity check]
2024-10-16 08:44:04,865 [INFO] IntegrityCheckThread:86 - entering critical section [integrity check]
2024-10-16 08:44:04,866 [INFO] ThirdPartyUpdaterWithRetryManager:70 - Updater plugin not ready yet. [1/15]
2024-10-16 08:44:04,922 [INFO] PluginManage:359 - Loaded plugin tools (category:base,tabindex:7)
2024-10-16 08:44:04,922 [INFO] PluginManage:310 - Check plugin tutovideos
2024-10-16 08:44:05,227 [INFO] PluginManage:359 - Loaded plugin tutovideos (category:base,tabindex:-1)
2024-10-16 08:44:05,227 [INFO] PluginManage:310 - Check plugin updater
2024-10-16 08:44:05,261 [INFO] PluginManage:359 - Loaded plugin updater (category:base,tabindex:12)
2024-10-16 08:44:05,261 [INFO] PluginManage:310 - Check plugin userauth
2024-10-16 08:44:05,271 [INFO] UserAuth:113 - Init User Auth plugin
2024-10-16 08:44:05,271 [INFO] PluginManage:359 - Loaded plugin userauth (category:base,tabindex:14)
2024-10-16 08:44:05,272 [INFO] PluginManage:283 - PluginManage : Loaded plugins [18]
2024-10-16 08:44:05,670 [INFO] PinOutPanel:1561 - setPackage(No Configuration,No Configuration)
2024-10-16 08:44:05,891 [INFO] CADModel:165 - CPN selected for project level
2024-10-16 08:44:05,891 [INFO] CADModel:114 - Register for checkConnection events
2024-10-16 08:44:05,938 [INFO] IPUIPlugin:80 - create IPUIPlugin
2024-10-16 08:44:05,939 [INFO] PluginManager:220 - loadIPPluginJar : add adc
2024-10-16 08:44:06,001 [INFO] IPUIPlugin:80 - create IPUIPlugin
2024-10-16 08:44:06,002 [INFO] PluginManager:220 - loadIPPluginJar : add aes
2024-10-16 08:44:06,067 [INFO] IPUIPlugin:80 - create IPUIPlugin
2024-10-16 08:44:06,067 [INFO] PluginManager:220 - loadIPPluginJar : add can
2024-10-16 08:44:06,107 [INFO] IPUIPlugin:80 - create IPUIPlugin
2024-10-16 08:44:06,107 [INFO] PluginManager:220 - loadIPPluginJar : add comp
2024-10-16 08:44:06,162 [INFO] IPUIPlugin:80 - create IPUIPlugin
2024-10-16 08:44:06,163 [INFO] PluginManager:220 - loadIPPluginJar : add cryp
2024-10-16 08:44:06,181 [INFO] IPUIPlugin:80 - create IPUIPlugin
2024-10-16 08:44:06,181 [INFO] PluginManager:220 - loadIPPluginJar : add ddr_ctrl_phy
2024-10-16 08:44:06,237 [INFO] IPUIPlugin:80 - create IPUIPlugin
2024-10-16 08:44:06,237 [INFO] PluginManager:220 - loadIPPluginJar : add dfsdm
2024-10-16 08:44:06,266 [INFO] IPUIPlugin:80 - create IPUIPlugin
2024-10-16 08:44:06,267 [INFO] PluginManager:220 - loadIPPluginJar : add dma
2024-10-16 08:44:06,378 [INFO] IPUIPlugin:80 - create IPUIPlugin
2024-10-16 08:44:06,378 [INFO] PluginManager:220 - loadIPPluginJar : add dma3
2024-10-16 08:44:06,489 [INFO] IPUIPlugin:80 - create IPUIPlugin
2024-10-16 08:44:06,489 [INFO] PluginManager:220 - loadIPPluginJar : add extmemmanager
2024-10-16 08:44:06,542 [INFO] IPUIPlugin:80 - create IPUIPlugin
2024-10-16 08:44:06,542 [INFO] PluginManager:220 - loadIPPluginJar : add fatfs
2024-10-16 08:44:06,655 [INFO] IPUIPlugin:80 - create IPUIPlugin
2024-10-16 08:44:06,655 [INFO] PluginManager:220 - loadIPPluginJar : add fmc
2024-10-16 08:44:06,686 [INFO] IPUIPlugin:80 - create IPUIPlugin
2024-10-16 08:44:06,687 [INFO] PluginManager:220 - loadIPPluginJar : add freertos
2024-10-16 08:44:06,734 [INFO] IPUIPlugin:80 - create IPUIPlugin
2024-10-16 08:44:06,735 [INFO] PluginManager:220 - loadIPPluginJar : add genericplugin
2024-10-16 08:44:06,938 [INFO] IPUIPlugin:80 - create IPUIPlugin
2024-10-16 08:44:06,938 [INFO] PluginManager:220 - loadIPPluginJar : add gfxmmu
2024-10-16 08:44:07,207 [INFO] IPUIPlugin:80 - create IPUIPlugin
2024-10-16 08:44:07,208 [INFO] PluginManager:220 - loadIPPluginJar : add gic
2024-10-16 08:44:07,242 [INFO] IPUIPlugin:80 - create IPUIPlugin
2024-10-16 08:44:07,242 [INFO] PluginManager:220 - loadIPPluginJar : add gpio
2024-10-16 08:44:07,398 [INFO] IPUIPlugin:80 - create IPUIPlugin
2024-10-16 08:44:07,398 [INFO] PluginManager:220 - loadIPPluginJar : add gtzc
2024-10-16 08:44:07,454 [INFO] IPUIPlugin:80 - create IPUIPlugin
2024-10-16 08:44:07,454 [INFO] PluginManager:220 - loadIPPluginJar : add hash
2024-10-16 08:44:07,572 [INFO] IPUIPlugin:80 - create IPUIPlugin
2024-10-16 08:44:07,572 [INFO] PluginManager:220 - loadIPPluginJar : add i2c
2024-10-16 08:44:07,665 [INFO] IPUIPlugin:80 - create IPUIPlugin
2024-10-16 08:44:07,666 [INFO] PluginManager:220 - loadIPPluginJar : add i2s
2024-10-16 08:44:07,759 [INFO] IPUIPlugin:80 - create IPUIPlugin
2024-10-16 08:44:07,760 [INFO] PluginManager:220 - loadIPPluginJar : add i3c
2024-10-16 08:44:07,870 [INFO] ThirdPartyUpdaterWithRetryManager:70 - Updater plugin not ready yet. [2/15]
2024-10-16 08:44:07,958 [INFO] IPUIPlugin:80 - create IPUIPlugin
2024-10-16 08:44:07,958 [INFO] PluginManager:220 - loadIPPluginJar : add ipddr
2024-10-16 08:44:08,132 [INFO] IPUIPlugin:80 - create IPUIPlugin
2024-10-16 08:44:08,133 [INFO] PluginManager:220 - loadIPPluginJar : add linkedlist
2024-10-16 08:44:08,197 [INFO] IPUIPlugin:80 - create IPUIPlugin
2024-10-16 08:44:08,197 [INFO] PluginManager:220 - loadIPPluginJar : add lorawan
2024-10-16 08:44:08,259 [INFO] IPUIPlugin:80 - create IPUIPlugin
2024-10-16 08:44:08,259 [INFO] PluginManager:220 - loadIPPluginJar : add ltdc
2024-10-16 08:44:08,282 [INFO] IPUIPlugin:80 - create IPUIPlugin
2024-10-16 08:44:08,282 [INFO] PluginManager:220 - loadIPPluginJar : add mdma
2024-10-16 08:44:08,300 [INFO] IPUIPlugin:80 - create IPUIPlugin
2024-10-16 08:44:08,300 [INFO] PluginManager:220 - loadIPPluginJar : add nvic
2024-10-16 08:44:08,370 [INFO] IPUIPlugin:80 - create IPUIPlugin
2024-10-16 08:44:08,370 [INFO] PluginManager:220 - loadIPPluginJar : add opamp
2024-10-16 08:44:08,477 [INFO] IPUIPlugin:80 - create IPUIPlugin
2024-10-16 08:44:08,477 [INFO] PluginManager:220 - loadIPPluginJar : add openamp
2024-10-16 08:44:08,552 [INFO] IPUIPlugin:80 - create IPUIPlugin
2024-10-16 08:44:08,552 [INFO] PluginManager:220 - loadIPPluginJar : add pdm2pcm
2024-10-16 08:44:08,576 [INFO] IPUIPlugin:80 - create IPUIPlugin
2024-10-16 08:44:08,581 [INFO] PluginManager:220 - loadIPPluginJar : add plateformsettings
2024-10-16 08:44:08,622 [INFO] IPUIPlugin:80 - create IPUIPlugin
2024-10-16 08:44:08,622 [INFO] PluginManager:220 - loadIPPluginJar : add quadspi
2024-10-16 08:44:08,669 [INFO] IPUIPlugin:80 - create IPUIPlugin
2024-10-16 08:44:08,670 [INFO] PluginManager:220 - loadIPPluginJar : add radio
2024-10-16 08:44:08,690 [INFO] IPUIPlugin:80 - create IPUIPlugin
2024-10-16 08:44:08,690 [INFO] PluginManager:220 - loadIPPluginJar : add resmgrutility
2024-10-16 08:44:08,777 [INFO] IPUIPlugin:80 - create IPUIPlugin
2024-10-16 08:44:08,778 [INFO] PluginManager:220 - loadIPPluginJar : add sai
2024-10-16 08:44:08,847 [INFO] IPUIPlugin:80 - create IPUIPlugin
2024-10-16 08:44:08,847 [INFO] PluginManager:220 - loadIPPluginJar : add spi
2024-10-16 08:44:08,985 [INFO] IPUIPlugin:80 - create IPUIPlugin
2024-10-16 08:44:08,986 [INFO] PluginManager:220 - loadIPPluginJar : add stm32_wpan
2024-10-16 08:44:09,025 [INFO] IPUIPlugin:80 - create IPUIPlugin
2024-10-16 08:44:09,025 [INFO] PluginManager:220 - loadIPPluginJar : add tim
2024-10-16 08:44:09,135 [INFO] IPUIPlugin:80 - create IPUIPlugin
2024-10-16 08:44:09,136 [INFO] PluginManager:220 - loadIPPluginJar : add touchsensing
2024-10-16 08:44:09,178 [INFO] IPUIPlugin:80 - create IPUIPlugin
2024-10-16 08:44:09,178 [INFO] PluginManager:220 - loadIPPluginJar : add tracer_emb
2024-10-16 08:44:09,229 [INFO] IPUIPlugin:80 - create IPUIPlugin
2024-10-16 08:44:09,229 [INFO] PluginManager:220 - loadIPPluginJar : add ts
2024-10-16 08:44:09,273 [INFO] IPUIPlugin:80 - create IPUIPlugin
2024-10-16 08:44:09,273 [INFO] PluginManager:220 - loadIPPluginJar : add tsc
2024-10-16 08:44:09,315 [INFO] IPUIPlugin:80 - create IPUIPlugin
2024-10-16 08:44:09,315 [INFO] PluginManager:220 - loadIPPluginJar : add ucpd
2024-10-16 08:44:09,394 [INFO] IPUIPlugin:80 - create IPUIPlugin
2024-10-16 08:44:09,394 [INFO] PluginManager:220 - loadIPPluginJar : add usart
2024-10-16 08:44:09,488 [INFO] IPUIPlugin:80 - create IPUIPlugin
2024-10-16 08:44:09,488 [INFO] PluginManager:220 - loadIPPluginJar : add usbx
2024-10-16 08:44:09,766 [INFO] CADModel:165 - CPN selected for project level
2024-10-16 08:44:09,767 [INFO] CADModel:114 - Register for checkConnection events
2024-10-16 08:44:09,768 [FATAL] Updater:334 - Updater called before beeing initialized
2024-10-16 08:44:09,768 [ERROR] CADModel:125 - Updater not yet initialized, retry later 
2024-10-16 08:44:10,108 [INFO] CADModel:165 - CPN selected for project level
2024-10-16 08:44:10,108 [INFO] CADModel:114 - Register for checkConnection events
2024-10-16 08:44:10,108 [FATAL] Updater:334 - Updater called before beeing initialized
2024-10-16 08:44:10,108 [ERROR] CADModel:125 - Updater not yet initialized, retry later 
2024-10-16 08:44:10,116 [FATAL] Updater:334 - Updater called before beeing initialized
2024-10-16 08:44:10,360 [FATAL] Updater:334 - Updater called before beeing initialized
2024-10-16 08:44:10,379 [INFO] DbMcusAds:53 - JSON generation date=Fri Sep 20 07:04:23 CST 2024 (1726837463113)
2024-10-16 08:44:10,379 [FATAL] Updater:334 - Updater called before beeing initialized
2024-10-16 08:44:10,463 [WARN] DetailPanel:346 - Failed to get advertising image, set to default
2024-10-16 08:44:10,643 [FATAL] Updater:334 - Updater called before beeing initialized
2024-10-16 08:44:10,647 [FATAL] Updater:334 - Updater called before beeing initialized
2024-10-16 08:44:10,647 [FATAL] Updater:334 - Updater called before beeing initialized
2024-10-16 08:44:10,647 [WARN] DetailPanel:346 - Failed to get advertising image, set to default
2024-10-16 08:44:10,648 [FATAL] Updater:334 - Updater called before beeing initialized
2024-10-16 08:44:10,755 [ERROR] Updater:1164 - MainUpdater not yet initialized. External WinMGr cannot be set.
2024-10-16 08:44:10,771 [INFO] Updater:1100 - Updater Version found : 6.12.0
2024-10-16 08:44:10,801 [INFO] ApplicationProperties:184 - Using Application install path: C:\ST\STM32CubeIDE_1.16.0\STM32CubeIDE\plugins\com.st.stm32cube.common.mx_6.12.0.202406281431
2024-10-16 08:44:10,871 [INFO] ThirdPartyUpdaterWithRetryManager:70 - Updater plugin not ready yet. [3/15]
2024-10-16 08:44:12,395 [ERROR] LogOutputStream:75 - [STDERR_REDIRECT] Oct 16, 2024 8:44:12 AM java.util.prefs.WindowsPreferences <init>
2024-10-16 08:44:12,397 [ERROR] LogOutputStream:75 - [STDERR_REDIRECT] WARNING: Could not open/create prefs root node Software\JavaSoft\Prefs at root 0xffffffff80000002. Windows RegCreateKeyEx(...) returned error code 5.
2024-10-16 08:44:12,398 [ERROR] LogOutputStream:75 - [STDERR_REDIRECT] 
2024-10-16 08:44:13,101 [INFO] MainUpdater:2873 - connection check result : 10
2024-10-16 08:44:13,103 [INFO] MainUpdater:290 - Updater Check For Update Now.
2024-10-16 08:44:13,103 [INFO] MicroXplorer:498 - Change Database Version : DB.6.0.120
2024-10-16 08:44:13,133 [INFO] McuFinderGlobals:63 - Set McuFinder mode to 2 (CubeIDE integrated)
2024-10-16 08:44:13,145 [INFO] UserAuth:417 - Internet connection configuration mode: 1
2024-10-16 08:44:13,198 [INFO] JxBrowserEngine:152 - Initiate JxBrowser Engine with user profile folder
2024-10-16 08:44:13,453 [INFO] CheckServerUpdateThread:120 - End of CheckServer Thread
2024-10-16 08:44:14,239 [WARN] PackLoader:240 - Cannot read IP mode file for STMicroelectronics.FP-SNS-MOTENVWB1.1.4.0
2024-10-16 08:44:14,275 [WARN] PackLoader:240 - Cannot read IP mode file for STMicroelectronics.X-CUBE-SMBUS.2.1.0
2024-10-16 08:44:14,308 [WARN] PackLoader:240 - Cannot read IP mode file for STMicroelectronics.X-CUBE-WB05N.1.1.0
2024-10-16 08:44:14,395 [WARN] PackLoader:240 - Cannot read IP mode file for STMicroelectronics.X-CUBE-AZRTOS-F7.1.1.0
2024-10-16 08:44:14,574 [WARN] PackLoader:240 - Cannot read IP mode file for STMicroelectronics.X-CUBE-MEMS1.11.0.0
2024-10-16 08:44:14,940 [WARN] PackLoader:240 - Cannot read IP mode file for STMicroelectronics.FP-SNS-FLIGHT1.5.0.2
2024-10-16 08:44:15,035 [WARN] PackLoader:240 - Cannot read IP mode file for STMicroelectronics.X-CUBE-DISPLAY.3.0.0
2024-10-16 08:44:15,098 [WARN] PackLoader:240 - Cannot read IP mode file for STMicroelectronics.X-CUBE-BLE1.7.0.0
2024-10-16 08:44:15,140 [WARN] PackLoader:240 - Cannot read IP mode file for STMicroelectronics.X-CUBE-NFC10.1.0.0
2024-10-16 08:44:15,177 [WARN] PackLoader:240 - Cannot read IP mode file for emotas.I-CUBE-CANOPEN.1.3.0
2024-10-16 08:44:15,219 [WARN] PackLoader:240 - Cannot read IP mode file for STMicroelectronics.X-CUBE-BLEMGR.3.1.0
2024-10-16 08:44:15,248 [WARN] PackLoader:240 - Cannot read IP mode file for STMicroelectronics.FP-SNS-SMARTAG2.1.2.0
2024-10-16 08:44:15,289 [INFO] LogOutputStream:77 - [STDOUT_REDIRECT] 1 : Invalid condition id : UX_CORESTACK_Condition cause : null
2024-10-16 08:44:15,290 [INFO] LogOutputStream:77 - [STDOUT_REDIRECT] 1 : Invalid condition id : UX_CORESTACK_Condition cause : null
2024-10-16 08:44:15,292 [INFO] LogOutputStream:77 - [STDOUT_REDIRECT] 1 : Invalid condition id : UX_CORESTACK_Condition cause : null
2024-10-16 08:44:15,294 [INFO] LogOutputStream:77 - [STDOUT_REDIRECT] 1 : Invalid condition id : UX_CORESTACK_Condition cause : null
2024-10-16 08:44:15,296 [INFO] LogOutputStream:77 - [STDOUT_REDIRECT] 1 : Invalid condition id : UX_CORESTACK_Condition cause : null
2024-10-16 08:44:15,302 [WARN] PackLoader:240 - Cannot read IP mode file for STMicroelectronics.X-CUBE-AZRTOS-WL.2.0.0
2024-10-16 08:44:15,336 [WARN] PackLoader:240 - Cannot read IP mode file for STMicroelectronics.FP-SNS-MOTENV1.5.0.0
2024-10-16 08:44:15,362 [WARN] PackLoader:240 - Cannot read IP mode file for wolfSSL.I-CUBE-wolfMQTT.1.19.0
2024-10-16 08:44:15,404 [WARN] PackLoader:240 - Cannot read IP mode file for WES.I-CUBE-Cesium.1.3.0
2024-10-16 08:44:15,469 [WARN] PackLoader:240 - Cannot read IP mode file for STMicroelectronics.X-CUBE-BLE2.3.3.0
2024-10-16 08:44:15,506 [WARN] PackLoader:240 - Cannot read IP mode file for STMicroelectronics.X-CUBE-NFC9.1.0.0
2024-10-16 08:44:15,534 [WARN] PackLoader:240 - Cannot read IP mode file for STMicroelectronics.X-CUBE-TCPP.4.1.0
2024-10-16 08:44:15,587 [WARN] PackLoader:240 - Cannot read IP mode file for STMicroelectronics.X-CUBE-AZRTOS-G0.1.1.0
2024-10-16 08:44:15,623 [WARN] PackLoader:240 - Cannot read IP mode file for STMicroelectronics.X-CUBE-SAFEA1.1.2.2
2024-10-16 08:44:15,653 [WARN] PackLoader:240 - Cannot read IP mode file for STMicroelectronics.X-CUBE-NFC4.3.0.0
2024-10-16 08:44:15,693 [WARN] PackLoader:240 - Cannot read IP mode file for EmbeddedOffice.I-CUBE-FS-RTOS.1.0.1
2024-10-16 08:44:15,694 [ERROR] ConditionMgr:805 - Attr not supported : Dmpu
2024-10-16 08:44:15,694 [ERROR] ConditionMgr:805 - Attr not supported : Dmpu
2024-10-16 08:44:15,694 [ERROR] ConditionMgr:805 - Attr not supported : Dmpu
2024-10-16 08:44:15,694 [ERROR] ConditionMgr:805 - Attr not supported : Dmpu
2024-10-16 08:44:15,694 [ERROR] ConditionMgr:805 - Attr not supported : Dmpu
2024-10-16 08:44:15,694 [ERROR] ConditionMgr:805 - Attr not supported : Dmpu
2024-10-16 08:44:15,695 [ERROR] ConditionMgr:805 - Attr not supported : Dmpu
2024-10-16 08:44:15,695 [ERROR] ConditionMgr:805 - Attr not supported : Dmpu
2024-10-16 08:44:15,695 [ERROR] ConditionMgr:805 - Attr not supported : Dmpu
2024-10-16 08:44:15,696 [ERROR] ConditionMgr:805 - Attr not supported : Dmpu
2024-10-16 08:44:15,696 [ERROR] ConditionMgr:805 - Attr not supported : Dmpu
2024-10-16 08:44:15,696 [ERROR] ConditionMgr:805 - Attr not supported : Dmpu
2024-10-16 08:44:15,696 [ERROR] ConditionMgr:805 - Attr not supported : Dmpu
2024-10-16 08:44:15,696 [ERROR] ConditionMgr:805 - Attr not supported : Dmpu
2024-10-16 08:44:15,697 [ERROR] ConditionMgr:805 - Attr not supported : Dmpu
2024-10-16 08:44:15,697 [ERROR] ConditionMgr:805 - Attr not supported : Dmpu
2024-10-16 08:44:15,697 [ERROR] ConditionMgr:805 - Attr not supported : Dmpu
2024-10-16 08:44:15,697 [ERROR] ConditionMgr:805 - Attr not supported : Dmpu
2024-10-16 08:44:15,697 [ERROR] ConditionMgr:805 - Attr not supported : Dmpu
2024-10-16 08:44:15,697 [ERROR] ConditionMgr:805 - Attr not supported : Dmpu
2024-10-16 08:44:15,698 [ERROR] ConditionMgr:805 - Attr not supported : Dmpu
2024-10-16 08:44:15,698 [ERROR] ConditionMgr:805 - Attr not supported : Dmpu
2024-10-16 08:44:15,698 [ERROR] ConditionMgr:805 - Attr not supported : Dmpu
2024-10-16 08:44:15,698 [ERROR] ConditionMgr:805 - Attr not supported : Dmpu
2024-10-16 08:44:15,698 [ERROR] ConditionMgr:805 - Attr not supported : Dmpu
2024-10-16 08:44:15,698 [ERROR] ConditionMgr:805 - Attr not supported : Dmpu
2024-10-16 08:44:15,698 [ERROR] ConditionMgr:805 - Attr not supported : Dmpu
2024-10-16 08:44:15,698 [ERROR] ConditionMgr:805 - Attr not supported : Dmpu
2024-10-16 08:44:15,698 [ERROR] ConditionMgr:805 - Attr not supported : Dmpu
2024-10-16 08:44:15,698 [ERROR] ConditionMgr:805 - Attr not supported : Dmpu
2024-10-16 08:44:15,699 [ERROR] ConditionMgr:805 - Attr not supported : Dmpu
2024-10-16 08:44:15,699 [ERROR] ConditionMgr:805 - Attr not supported : Dmpu
2024-10-16 08:44:15,699 [ERROR] ConditionMgr:805 - Attr not supported : Dmpu
2024-10-16 08:44:15,699 [ERROR] ConditionMgr:805 - Attr not supported : Dmpu
2024-10-16 08:44:15,699 [ERROR] ConditionMgr:805 - Attr not supported : Dmpu
2024-10-16 08:44:15,699 [ERROR] ConditionMgr:805 - Attr not supported : Dmpu
2024-10-16 08:44:15,699 [ERROR] ConditionMgr:805 - Attr not supported : Dmpu
2024-10-16 08:44:15,699 [ERROR] ConditionMgr:805 - Attr not supported : Dmpu
2024-10-16 08:44:15,699 [ERROR] ConditionMgr:805 - Attr not supported : Dmpu
2024-10-16 08:44:15,700 [ERROR] ConditionMgr:805 - Attr not supported : Dmpu
2024-10-16 08:44:15,700 [ERROR] ConditionMgr:805 - Attr not supported : Dmpu
2024-10-16 08:44:15,700 [ERROR] ConditionMgr:805 - Attr not supported : Dmpu
2024-10-16 08:44:15,700 [ERROR] ConditionMgr:805 - Attr not supported : Dmpu
2024-10-16 08:44:15,700 [ERROR] ConditionMgr:805 - Attr not supported : Dmpu
2024-10-16 08:44:15,700 [ERROR] ConditionMgr:805 - Attr not supported : Dmpu
2024-10-16 08:44:15,700 [ERROR] ConditionMgr:805 - Attr not supported : Dmpu
2024-10-16 08:44:15,700 [ERROR] ConditionMgr:805 - Attr not supported : Dmpu
2024-10-16 08:44:15,700 [ERROR] ConditionMgr:805 - Attr not supported : Dmpu
2024-10-16 08:44:15,700 [ERROR] ConditionMgr:805 - Attr not supported : Dmpu
2024-10-16 08:44:15,700 [ERROR] ConditionMgr:805 - Attr not supported : Dmpu
2024-10-16 08:44:15,700 [ERROR] ConditionMgr:805 - Attr not supported : Dmpu
2024-10-16 08:44:15,701 [ERROR] ConditionMgr:805 - Attr not supported : Dmpu
2024-10-16 08:44:15,701 [ERROR] ConditionMgr:805 - Attr not supported : Dmpu
2024-10-16 08:44:15,701 [ERROR] ConditionMgr:805 - Attr not supported : Dmpu
2024-10-16 08:44:15,701 [ERROR] ConditionMgr:805 - Attr not supported : Dmpu
2024-10-16 08:44:15,701 [ERROR] ConditionMgr:805 - Attr not supported : Dmpu
2024-10-16 08:44:15,701 [ERROR] ConditionMgr:805 - Attr not supported : Dmpu
2024-10-16 08:44:15,701 [ERROR] ConditionMgr:805 - Attr not supported : Dmpu
2024-10-16 08:44:15,701 [ERROR] ConditionMgr:805 - Attr not supported : Dmpu
2024-10-16 08:44:15,701 [ERROR] ConditionMgr:805 - Attr not supported : Dmpu
2024-10-16 08:44:15,701 [ERROR] ConditionMgr:805 - Attr not supported : Dmpu
2024-10-16 08:44:15,701 [ERROR] ConditionMgr:805 - Attr not supported : Dmpu
2024-10-16 08:44:15,702 [ERROR] ConditionMgr:805 - Attr not supported : Dmpu
2024-10-16 08:44:15,702 [ERROR] ConditionMgr:805 - Attr not supported : Dmpu
2024-10-16 08:44:15,725 [WARN] PackLoader:240 - Cannot read IP mode file for RealThread.X-CUBE-RT-Thread_Nano.4.1.1
2024-10-16 08:44:15,746 [WARN] PackLoader:240 - Cannot read IP mode file for STMicroelectronics.FP-ATR-SIGFOX1.3.2.0
2024-10-16 08:44:15,768 [WARN] PackLoader:240 - Cannot read IP mode file for wolfSSL.I-CUBE-wolfSSL.5.7.2
2024-10-16 08:44:15,800 [WARN] PackLoader:240 - Cannot read IP mode file for STMicroelectronics.X-CUBE-EEPRMA1.5.1.0
2024-10-16 08:44:15,831 [WARN] PackLoader:240 - Cannot read IP mode file for ITTIA_DB.I-CUBE-ITTIADB.8.9.0
2024-10-16 08:44:15,902 [WARN] PackLoader:240 - Cannot read IP mode file for SEGGER.I-CUBE-embOS.1.3.1
2024-10-16 08:44:15,997 [WARN] PackLoader:240 - Cannot read IP mode file for STMicroelectronics.X-CUBE-ALGOBUILD.1.4.0
2024-10-16 08:44:16,026 [WARN] PackLoader:240 - Cannot read IP mode file for STMicroelectronics.X-CUBE-AI.9.1.0
2024-10-16 08:44:16,055 [WARN] PackLoader:240 - Cannot read IP mode file for STMicroelectronics.X-CUBE-GNSS1.6.0.0
2024-10-16 08:44:16,103 [WARN] PackLoader:240 - Cannot read IP mode file for STMicroelectronics.X-CUBE-AZRTOS-F4.1.1.0
2024-10-16 08:44:16,130 [WARN] PackLoader:240 - Cannot read IP mode file for STMicroelectronics.X-CUBE-ISPU.2.1.0
2024-10-16 08:44:16,161 [WARN] PackLoader:240 - Cannot read IP mode file for STMicroelectronics.X-CUBE-FREERTOS.1.2.0
2024-10-16 08:44:16,210 [WARN] PackLoader:240 - Cannot read IP mode file for STMicroelectronics.X-CUBE-AZRTOS-L5.2.0.0
2024-10-16 08:44:16,252 [WARN] PackLoader:240 - Cannot read IP mode file for STMicroelectronics.X-CUBE-NFC6.3.1.0
2024-10-16 08:44:16,277 [WARN] PackLoader:240 - Cannot read IP mode file for STMicroelectronics.X-CUBE-DPower.1.2.0
2024-10-16 08:44:16,302 [WARN] PackLoader:240 - Cannot read IP mode file for STMicroelectronics.X-CUBE-AI.9.0.0
2024-10-16 08:44:16,338 [WARN] PackLoader:240 - Cannot read IP mode file for STMicroelectronics.X-CUBE-NFC7.1.0.1
2024-10-16 08:44:16,435 [WARN] ConditionMgr:438 - getConditionDescription Invalid condition id : LAN8742 Phy interface Condition cause : null
2024-10-16 08:44:16,437 [WARN] PackLoader:240 - Cannot read IP mode file for STMicroelectronics.X-CUBE-AZRTOS-L4.2.0.0
2024-10-16 08:44:16,440 [WARN] ConditionMgr:1039 - genDependencies : Invalid condition id : LAN8742 Phy interface Condition cause : null
2024-10-16 08:44:16,441 [WARN] ConditionMgr:1039 - genDependencies : Invalid condition id : LAN8742 Phy interface Condition cause : null
2024-10-16 08:44:16,442 [WARN] ConditionMgr:1039 - genDependencies : Invalid condition id : LAN8742 Phy interface Condition cause : null
2024-10-16 08:44:16,484 [WARN] PackLoader:240 - Cannot read IP mode file for STMicroelectronics.X-CUBE-SFXS2LP1.4.0.0
2024-10-16 08:44:16,553 [WARN] PackLoader:240 - Cannot read IP mode file for STMicroelectronics.X-CUBE-AZRTOS-H7.3.3.0
2024-10-16 08:44:16,594 [WARN] PackLoader:240 - Cannot read IP mode file for STMicroelectronics.X-CUBE-IPS.3.0.0
2024-10-16 08:44:16,646 [WARN] ConditionMgr:438 - getConditionDescription Invalid condition id : UX DEVICE CLASS RTOS Condition cause : null
2024-10-16 08:44:16,647 [WARN] ConditionMgr:438 - getConditionDescription Invalid condition id : UX DEVICE CLASS RTOS Condition cause : null
2024-10-16 08:44:16,650 [WARN] PackLoader:240 - Cannot read IP mode file for STMicroelectronics.X-CUBE-AZRTOS-WB.2.0.0
2024-10-16 08:44:16,651 [WARN] ConditionMgr:1039 - genDependencies : Invalid condition id : UX DEVICE CLASS RTOS Condition cause : null
2024-10-16 08:44:16,651 [WARN] ConditionMgr:1039 - genDependencies : Invalid condition id : UX DEVICE CLASS RTOS Condition cause : null
2024-10-16 08:44:16,652 [WARN] ConditionMgr:1039 - genDependencies : Invalid condition id : UX DEVICE CLASS RTOS Condition cause : null
2024-10-16 08:44:16,652 [WARN] ConditionMgr:1039 - genDependencies : Invalid condition id : UX DEVICE CLASS RTOS Condition cause : null
2024-10-16 08:44:16,653 [WARN] ConditionMgr:1039 - genDependencies : Invalid condition id : UX DEVICE CLASS RTOS Condition cause : null
2024-10-16 08:44:16,679 [WARN] PackLoader:240 - Cannot read IP mode file for STMicroelectronics.X-CUBE-GNSS1.7.0.0
2024-10-16 08:44:16,711 [WARN] PackLoader:240 - Cannot read IP mode file for STMicroelectronics.FP-SNS-STBOX1.2.0.0
2024-10-16 08:44:16,743 [WARN] PackLoader:240 - Cannot read IP mode file for STMicroelectronics.X-CUBE-SUBG2.5.0.0
2024-10-16 08:44:16,773 [WARN] PackLoader:240 - Cannot read IP mode file for Cesanta.I-CUBE-Mongoose.7.13.0
2024-10-16 08:44:16,817 [WARN] PackLoader:240 - Cannot read IP mode file for STMicroelectronics.X-CUBE-AZRTOS-G4.2.0.0
2024-10-16 08:44:16,848 [WARN] PackLoader:240 - Cannot read IP mode file for STMicroelectronics.X-CUBE-ISPU.2.0.0
2024-10-16 08:44:16,877 [WARN] PackLoader:240 - Cannot read IP mode file for STMicroelectronics.X-CUBE-ALS.1.0.2
2024-10-16 08:44:16,908 [WARN] PackLoader:240 - Cannot read IP mode file for STMicroelectronics.X-CUBE-TOUCHGFX.4.24.0
2024-10-16 08:44:16,940 [WARN] PackLoader:240 - Cannot read IP mode file for STMicroelectronics.X-CUBE-TOUCHGFX.4.24.1
2024-10-16 08:44:17,000 [WARN] PackLoader:240 - Cannot read IP mode file for wolfSSL.I-CUBE-wolfTPM.3.4.0
2024-10-16 08:44:17,044 [WARN] PackLoader:240 - Cannot read IP mode file for portGmbH.I-Cube-SoM-uGOAL.1.1.0
2024-10-16 08:44:17,102 [WARN] PackLoader:240 - Cannot read IP mode file for STMicroelectronics.X-CUBE-AZRTOS-H7RS.1.0.0
2024-10-16 08:44:17,130 [WARN] PackLoader:240 - Cannot read IP mode file for STMicroelectronics.FP-ATR-ASTRA1.2.0.0
2024-10-16 08:44:17,172 [WARN] PackLoader:240 - Cannot read IP mode file for STMicroelectronics.X-CUBE-TOF1.3.4.2
2024-10-16 08:44:17,241 [WARN] PackLoader:240 - Cannot read IP mode file for Infineon.AIROC-Wi-Fi-Bluetooth-STM32.1.6.1
2024-10-16 08:44:17,271 [WARN] PackLoader:240 - Cannot read IP mode file for wolfSSL.I-CUBE-wolfSSH.1.4.17
2024-10-16 08:44:17,272 [INFO] ThirdParty:978 - Integrity check success = true
2024-10-16 08:44:17,272 [INFO] IntegrityCheckThread:100 - exiting critical section [integrity check]
2024-10-16 08:44:17,272 [INFO] IntegrityCheckThread:103 - End integrity checks thread
2024-10-16 08:44:23,927 [INFO] WebApp:167 - Instantiating new browser for Auth
2024-10-16 08:44:25,561 [INFO] WebApp:448 - Apply proxy settings
2024-10-16 08:44:25,563 [INFO] WebApp:533 - Chromium requires no authentication
2024-10-16 08:44:25,582 [INFO] WebApp:476 - Direct internet connection detected
2024-10-16 08:44:25,635 [INFO] WebApp:869 - Register for checkConnection events
2024-10-16 08:44:25,635 [INFO] WebApp:448 - Apply proxy settings
2024-10-16 08:44:25,635 [INFO] WebApp:533 - Chromium requires no authentication
2024-10-16 08:44:25,636 [INFO] WebApp:476 - Direct internet connection detected
2024-10-16 08:44:26,002 [INFO] WebApp:220 - Starting web application
2024-10-16 08:44:26,002 [INFO] WebApp:578 - Web application path used C:\ST\STM32CubeIDE_1.16.0\STM32CubeIDE\plugins\com.st.stm32cube.common.mx_6.12.0.202406281431\db\plugins\mcufinder\reactClient1\index.html
2024-10-16 08:44:26,245 [INFO] WebApp:186 - Connection restablished
2024-10-16 08:44:26,363 [INFO] UserAuth:417 - Internet connection configuration mode: 1
2024-10-16 21:38:26,862 [INFO] Activator:176 - 


2024-10-16 21:38:26,866 [INFO] Activator:177 - !SESSION log4j initialized
2024-10-16 21:38:41,742 [INFO] LogOutputStream:77 - [STDOUT_REDIRECT] 
2024-10-16 21:38:46,266 [INFO] ApplicationProperties:184 - Using Application install path: C:\ST\STM32CubeIDE_1.16.0\STM32CubeIDE\plugins\com.st.stm32cube.common.mx_6.12.0.202406281431
2024-10-16 21:38:46,300 [INFO] DbMcusXml:78 - Set database path to: C:\ST\STM32CubeIDE_1.16.0\STM32CubeIDE\plugins\com.st.stm32cube.common.mx_6.12.0.202406281431\\db\/mcu/
2024-10-16 21:38:46,300 [INFO] ApiDb:274 - Set plugin database path to: C:\ST\STM32CubeIDE_1.16.0\STM32CubeIDE\plugins\com.st.stm32cube.common.mx_6.12.0.202406281431\\db\/plugins/boardmanager/
2024-10-16 21:38:46,301 [WARN] ApiDb:259 - Overriding images path with different value:  => C:\ST\STM32CubeIDE_1.16.0\STM32CubeIDE\plugins\com.st.stm32cube.common.mx_6.12.0.202406281431\\db\/plugins/mcufinder/images/
2024-10-16 21:38:46,319 [INFO] ApiDb:250 - Set database path to: C:\Users\alesa\.stmcufinder\plugins\mcufinder//mcu/
2024-10-16 21:38:46,322 [INFO] DbMcusAds:125 - Set database path to: C:\Users\alesa\.stmcufinder\plugins\mcufinder//mcu/
2024-10-16 21:38:46,327 [INFO] CrossReferenceDbSqlite:203 - Set database path to: C:\Users\alesa\.stmcufinder\plugins\mcufinder//mcu/cs/
2024-10-16 21:38:46,549 [INFO] RulesReader:64 - Compatibility file has been processed (297 Rules)
2024-10-16 21:38:46,708 [INFO] DbMcusXml:78 - Set database path to: C:\ST\STM32CubeIDE_1.16.0\STM32CubeIDE\plugins\com.st.stm32cube.common.mx_6.12.0.202406281431\\db\/mcu/
2024-10-16 21:38:46,708 [INFO] ApiDb:274 - Set plugin database path to: C:\ST\STM32CubeIDE_1.16.0\STM32CubeIDE\plugins\com.st.stm32cube.common.mx_6.12.0.202406281431\\db\/plugins/boardmanager/
2024-10-16 21:38:46,708 [INFO] ApiDb:261 - Set plugin images path to: C:\ST\STM32CubeIDE_1.16.0\STM32CubeIDE\plugins\com.st.stm32cube.common.mx_6.12.0.202406281431\\db\/plugins/mcufinder/images/
2024-10-16 21:38:46,709 [WARN] DbFile:41 - Overriding database path with different value: C:\Users\alesa\.stmcufinder\plugins\mcufinder/ => C:\Users\alesa\.stmcufinder\plugins\mcufinder
2024-10-16 21:38:46,710 [INFO] ApiDb:250 - Set database path to: C:\Users\alesa\.stmcufinder\plugins\mcufinder//mcu/
2024-10-16 21:38:46,710 [WARN] DbFile:41 - Overriding database path with different value: C:\Users\alesa\.stmcufinder\plugins\mcufinder/ => C:\Users\alesa\.stmcufinder\plugins\mcufinder
2024-10-16 21:38:46,710 [INFO] DbMcusAds:125 - Set database path to: C:\Users\alesa\.stmcufinder\plugins\mcufinder//mcu/
2024-10-16 21:38:46,710 [WARN] DbFile:41 - Overriding database path with different value: C:\Users\alesa\.stmcufinder\plugins\mcufinder/ => C:\Users\alesa\.stmcufinder\plugins\mcufinder
2024-10-16 21:38:46,711 [WARN] DbFile:41 - Overriding database path with different value: C:\Users\alesa\.stmcufinder\plugins\mcufinder/ => C:\Users\alesa\.stmcufinder\plugins\mcufinder
2024-10-16 21:38:46,711 [INFO] CrossReferenceDbSqlite:203 - Set database path to: C:\Users\alesa\.stmcufinder\plugins\mcufinder//mcu/cs/
2024-10-16 21:38:46,865 [INFO] MainPanel:268 - HeapMemory: 268435456
2024-10-16 21:38:47,112 [INFO] DbMcusXml:78 - Set database path to: C:\ST\STM32CubeIDE_1.16.0\STM32CubeIDE\plugins\com.st.stm32cube.common.mx_6.12.0.202406281431\\db\/mcu/
2024-10-16 21:38:47,112 [INFO] ApiDb:274 - Set plugin database path to: C:\ST\STM32CubeIDE_1.16.0\STM32CubeIDE\plugins\com.st.stm32cube.common.mx_6.12.0.202406281431\\db\/plugins/boardmanager/
2024-10-16 21:38:47,112 [INFO] ApiDb:261 - Set plugin images path to: C:\ST\STM32CubeIDE_1.16.0\STM32CubeIDE\plugins\com.st.stm32cube.common.mx_6.12.0.202406281431\\db\/plugins/mcufinder/images/
2024-10-16 21:38:47,113 [WARN] DbFile:41 - Overriding database path with different value: C:\Users\alesa\.stmcufinder\plugins\mcufinder/ => C:\Users\alesa\.stmcufinder\plugins\mcufinder
2024-10-16 21:38:47,113 [INFO] ApiDb:250 - Set database path to: C:\Users\alesa\.stmcufinder\plugins\mcufinder//mcu/
2024-10-16 21:38:47,114 [WARN] DbFile:41 - Overriding database path with different value: C:\Users\alesa\.stmcufinder\plugins\mcufinder/ => C:\Users\alesa\.stmcufinder\plugins\mcufinder
2024-10-16 21:38:47,114 [INFO] DbMcusAds:125 - Set database path to: C:\Users\alesa\.stmcufinder\plugins\mcufinder//mcu/
2024-10-16 21:38:47,114 [WARN] DbFile:41 - Overriding database path with different value: C:\Users\alesa\.stmcufinder\plugins\mcufinder/ => C:\Users\alesa\.stmcufinder\plugins\mcufinder
2024-10-16 21:38:47,114 [WARN] DbFile:41 - Overriding database path with different value: C:\Users\alesa\.stmcufinder\plugins\mcufinder/ => C:\Users\alesa\.stmcufinder\plugins\mcufinder
2024-10-16 21:38:47,114 [INFO] CrossReferenceDbSqlite:203 - Set database path to: C:\Users\alesa\.stmcufinder\plugins\mcufinder//mcu/cs/
2024-10-16 21:38:47,149 [INFO] ApplicationProperties:184 - Using Application install path: C:\ST\STM32CubeIDE_1.16.0\STM32CubeIDE\plugins\com.st.stm32cube.common.mx_6.12.0.202406281431
2024-10-16 21:38:47,152 [INFO] PluginManage:196 - Search for loadable plugins [exclusion list=, ]
2024-10-16 21:38:47,155 [INFO] PluginManage:310 - Check plugin analytics
2024-10-16 21:38:47,633 [INFO] AnalyticsPlugin:253 - Accepted Software Licenses: 
2024-10-16 21:38:47,634 [INFO] AnalyticsPlugin:255 - Accepted CMSIS Pack Licenses: 
2024-10-16 21:38:47,635 [INFO] AnalyticsPlugin:257 - Accepted Firmware Licenses: FW.F4.1.28.0
2024-10-16 21:38:47,643 [INFO] PluginManage:359 - Loaded plugin analytics (category:tool,tabindex:-1)
2024-10-16 21:38:47,644 [INFO] PluginManage:310 - Check plugin cadmodel
2024-10-16 21:38:47,675 [INFO] CADModel:105 - Init CAD model plugin
2024-10-16 21:38:47,676 [INFO] PluginManage:359 - Loaded plugin cadmodel (category:power,tabindex:5)
2024-10-16 21:38:47,676 [INFO] PluginManage:310 - Check plugin clock
2024-10-16 21:38:47,720 [INFO] PluginManage:359 - Loaded plugin clock (category:base,tabindex:2)
2024-10-16 21:38:47,721 [INFO] PluginManage:310 - Check plugin ddr
2024-10-16 21:38:47,727 [INFO] PluginManage:359 - Loaded plugin ddr (category:tool,tabindex:6)
2024-10-16 21:38:47,728 [INFO] PluginManage:310 - Check plugin filemanager
2024-10-16 21:38:48,047 [INFO] PluginManage:359 - Loaded plugin filemanager (category:base,tabindex:10)
2024-10-16 21:38:48,047 [INFO] PluginManage:310 - Check plugin ipmanager
2024-10-16 21:38:48,063 [INFO] PluginManage:359 - Loaded plugin ipmanager (category:base,tabindex:5)
2024-10-16 21:38:48,064 [INFO] PluginManage:310 - Check plugin lpbam
2024-10-16 21:38:48,107 [INFO] PluginManage:359 - Loaded plugin lpbam (category:base,tabindex:0)
2024-10-16 21:38:48,108 [INFO] PluginManage:310 - Check plugin memorymap
2024-10-16 21:38:48,155 [INFO] PluginManage:359 - Loaded plugin memorymap (category:base,tabindex:4)
2024-10-16 21:38:48,156 [INFO] PluginManage:310 - Check plugin pinoutandconfiguration
2024-10-16 21:38:48,189 [INFO] PluginManage:359 - Loaded plugin pinoutandconfiguration (category:base,tabindex:1)
2024-10-16 21:38:48,190 [INFO] PluginManage:310 - Check plugin pinoutconfig
2024-10-16 21:38:48,414 [WARN] SupportedApi:132 - Cannot load RTOS API schema: s4s-elt-must-match.1: The content of 'definitions' must match (annotation?, (simpleType | complexType)?, (unique | key | keyref)*)). A problem was found starting at: attribute.
2024-10-16 21:38:48,755 [INFO] PluginManage:359 - Loaded plugin pinoutconfig (category:base,tabindex:0)
2024-10-16 21:38:48,756 [INFO] PluginManage:310 - Check plugin power
2024-10-16 21:38:48,820 [INFO] PluginManage:359 - Loaded plugin power (category:power,tabindex:4)
2024-10-16 21:38:48,821 [INFO] PluginManage:310 - Check plugin projectmanager
2024-10-16 21:38:48,858 [INFO] PluginManage:359 - Loaded plugin projectmanager (category:projectmanager,tabindex:4)
2024-10-16 21:38:48,859 [INFO] PluginManage:310 - Check plugin rif
2024-10-16 21:38:48,891 [INFO] PluginManage:359 - Loaded plugin rif (category:base,tabindex:3)
2024-10-16 21:38:48,892 [INFO] PluginManage:310 - Check plugin thirdparty
2024-10-16 21:38:49,437 [WARN] IntegrityCheckThread:84 - waiting for thirdparty lock release [integrity check]
2024-10-16 21:38:49,437 [INFO] PluginManage:359 - Loaded plugin thirdparty (category:base,tabindex:-1)
2024-10-16 21:38:49,438 [INFO] PluginManage:310 - Check plugin tools
2024-10-16 21:38:49,439 [INFO] IntegrityCheckThread:86 - entering critical section [integrity check]
2024-10-16 21:38:49,442 [INFO] ThirdPartyUpdaterWithRetryManager:70 - Updater plugin not ready yet. [1/15]
2024-10-16 21:38:49,502 [INFO] PluginManage:359 - Loaded plugin tools (category:base,tabindex:7)
2024-10-16 21:38:49,502 [INFO] PluginManage:310 - Check plugin tutovideos
2024-10-16 21:38:49,885 [INFO] PluginManage:359 - Loaded plugin tutovideos (category:base,tabindex:-1)
2024-10-16 21:38:49,885 [INFO] PluginManage:310 - Check plugin updater
2024-10-16 21:38:49,908 [INFO] PluginManage:359 - Loaded plugin updater (category:base,tabindex:12)
2024-10-16 21:38:49,909 [INFO] PluginManage:310 - Check plugin userauth
2024-10-16 21:38:49,918 [INFO] UserAuth:113 - Init User Auth plugin
2024-10-16 21:38:49,918 [INFO] PluginManage:359 - Loaded plugin userauth (category:base,tabindex:14)
2024-10-16 21:38:49,919 [INFO] PluginManage:283 - PluginManage : Loaded plugins [18]
2024-10-16 21:38:50,281 [INFO] PinOutPanel:1561 - setPackage(No Configuration,No Configuration)
2024-10-16 21:38:50,437 [INFO] CADModel:165 - CPN selected for project level
2024-10-16 21:38:50,438 [INFO] CADModel:114 - Register for checkConnection events
2024-10-16 21:38:50,479 [INFO] IPUIPlugin:80 - create IPUIPlugin
2024-10-16 21:38:50,479 [INFO] PluginManager:220 - loadIPPluginJar : add adc
2024-10-16 21:38:50,539 [INFO] IPUIPlugin:80 - create IPUIPlugin
2024-10-16 21:38:50,539 [INFO] PluginManager:220 - loadIPPluginJar : add aes
2024-10-16 21:38:50,604 [INFO] IPUIPlugin:80 - create IPUIPlugin
2024-10-16 21:38:50,605 [INFO] PluginManager:220 - loadIPPluginJar : add can
2024-10-16 21:38:50,643 [INFO] IPUIPlugin:80 - create IPUIPlugin
2024-10-16 21:38:50,644 [INFO] PluginManager:220 - loadIPPluginJar : add comp
2024-10-16 21:38:50,695 [INFO] IPUIPlugin:80 - create IPUIPlugin
2024-10-16 21:38:50,696 [INFO] PluginManager:220 - loadIPPluginJar : add cryp
2024-10-16 21:38:50,713 [INFO] IPUIPlugin:80 - create IPUIPlugin
2024-10-16 21:38:50,714 [INFO] PluginManager:220 - loadIPPluginJar : add ddr_ctrl_phy
2024-10-16 21:38:50,768 [INFO] IPUIPlugin:80 - create IPUIPlugin
2024-10-16 21:38:50,769 [INFO] PluginManager:220 - loadIPPluginJar : add dfsdm
2024-10-16 21:38:50,794 [INFO] IPUIPlugin:80 - create IPUIPlugin
2024-10-16 21:38:50,795 [INFO] PluginManager:220 - loadIPPluginJar : add dma
2024-10-16 21:38:50,872 [INFO] IPUIPlugin:80 - create IPUIPlugin
2024-10-16 21:38:50,873 [INFO] PluginManager:220 - loadIPPluginJar : add dma3
2024-10-16 21:38:50,951 [INFO] IPUIPlugin:80 - create IPUIPlugin
2024-10-16 21:38:50,952 [INFO] PluginManager:220 - loadIPPluginJar : add extmemmanager
2024-10-16 21:38:50,985 [INFO] IPUIPlugin:80 - create IPUIPlugin
2024-10-16 21:38:50,985 [INFO] PluginManager:220 - loadIPPluginJar : add fatfs
2024-10-16 21:38:51,067 [INFO] IPUIPlugin:80 - create IPUIPlugin
2024-10-16 21:38:51,068 [INFO] PluginManager:220 - loadIPPluginJar : add fmc
2024-10-16 21:38:51,090 [INFO] IPUIPlugin:80 - create IPUIPlugin
2024-10-16 21:38:51,091 [INFO] PluginManager:220 - loadIPPluginJar : add freertos
2024-10-16 21:38:51,127 [INFO] IPUIPlugin:80 - create IPUIPlugin
2024-10-16 21:38:51,127 [INFO] PluginManager:220 - loadIPPluginJar : add genericplugin
2024-10-16 21:38:51,316 [INFO] IPUIPlugin:80 - create IPUIPlugin
2024-10-16 21:38:51,316 [INFO] PluginManager:220 - loadIPPluginJar : add gfxmmu
2024-10-16 21:38:51,559 [INFO] IPUIPlugin:80 - create IPUIPlugin
2024-10-16 21:38:51,559 [INFO] PluginManager:220 - loadIPPluginJar : add gic
2024-10-16 21:38:51,581 [INFO] IPUIPlugin:80 - create IPUIPlugin
2024-10-16 21:38:51,582 [INFO] PluginManager:220 - loadIPPluginJar : add gpio
2024-10-16 21:38:51,767 [INFO] IPUIPlugin:80 - create IPUIPlugin
2024-10-16 21:38:51,767 [INFO] PluginManager:220 - loadIPPluginJar : add gtzc
2024-10-16 21:38:51,854 [INFO] IPUIPlugin:80 - create IPUIPlugin
2024-10-16 21:38:51,854 [INFO] PluginManager:220 - loadIPPluginJar : add hash
2024-10-16 21:38:51,980 [INFO] IPUIPlugin:80 - create IPUIPlugin
2024-10-16 21:38:51,981 [INFO] PluginManager:220 - loadIPPluginJar : add i2c
2024-10-16 21:38:52,060 [INFO] IPUIPlugin:80 - create IPUIPlugin
2024-10-16 21:38:52,061 [INFO] PluginManager:220 - loadIPPluginJar : add i2s
2024-10-16 21:38:52,142 [INFO] IPUIPlugin:80 - create IPUIPlugin
2024-10-16 21:38:52,142 [INFO] PluginManager:220 - loadIPPluginJar : add i3c
2024-10-16 21:38:52,445 [INFO] ThirdPartyUpdaterWithRetryManager:70 - Updater plugin not ready yet. [2/15]
2024-10-16 21:38:52,456 [INFO] IPUIPlugin:80 - create IPUIPlugin
2024-10-16 21:38:52,456 [INFO] PluginManager:220 - loadIPPluginJar : add ipddr
2024-10-16 21:38:52,705 [INFO] IPUIPlugin:80 - create IPUIPlugin
2024-10-16 21:38:52,705 [INFO] PluginManager:220 - loadIPPluginJar : add linkedlist
2024-10-16 21:38:52,795 [INFO] IPUIPlugin:80 - create IPUIPlugin
2024-10-16 21:38:52,795 [INFO] PluginManager:220 - loadIPPluginJar : add lorawan
2024-10-16 21:38:52,885 [INFO] IPUIPlugin:80 - create IPUIPlugin
2024-10-16 21:38:52,886 [INFO] PluginManager:220 - loadIPPluginJar : add ltdc
2024-10-16 21:38:52,920 [INFO] IPUIPlugin:80 - create IPUIPlugin
2024-10-16 21:38:52,920 [INFO] PluginManager:220 - loadIPPluginJar : add mdma
2024-10-16 21:38:52,945 [INFO] IPUIPlugin:80 - create IPUIPlugin
2024-10-16 21:38:52,946 [INFO] PluginManager:220 - loadIPPluginJar : add nvic
2024-10-16 21:38:53,036 [INFO] IPUIPlugin:80 - create IPUIPlugin
2024-10-16 21:38:53,037 [INFO] PluginManager:220 - loadIPPluginJar : add opamp
2024-10-16 21:38:53,181 [INFO] IPUIPlugin:80 - create IPUIPlugin
2024-10-16 21:38:53,182 [INFO] PluginManager:220 - loadIPPluginJar : add openamp
2024-10-16 21:38:53,286 [INFO] IPUIPlugin:80 - create IPUIPlugin
2024-10-16 21:38:53,287 [INFO] PluginManager:220 - loadIPPluginJar : add pdm2pcm
2024-10-16 21:38:53,318 [INFO] IPUIPlugin:80 - create IPUIPlugin
2024-10-16 21:38:53,324 [INFO] PluginManager:220 - loadIPPluginJar : add plateformsettings
2024-10-16 21:38:53,379 [INFO] IPUIPlugin:80 - create IPUIPlugin
2024-10-16 21:38:53,380 [INFO] PluginManager:220 - loadIPPluginJar : add quadspi
2024-10-16 21:38:53,441 [INFO] IPUIPlugin:80 - create IPUIPlugin
2024-10-16 21:38:53,443 [INFO] PluginManager:220 - loadIPPluginJar : add radio
2024-10-16 21:38:53,470 [INFO] IPUIPlugin:80 - create IPUIPlugin
2024-10-16 21:38:53,471 [INFO] PluginManager:220 - loadIPPluginJar : add resmgrutility
2024-10-16 21:38:53,573 [INFO] IPUIPlugin:80 - create IPUIPlugin
2024-10-16 21:38:53,573 [INFO] PluginManager:220 - loadIPPluginJar : add sai
2024-10-16 21:38:53,660 [INFO] IPUIPlugin:80 - create IPUIPlugin
2024-10-16 21:38:53,661 [INFO] PluginManager:220 - loadIPPluginJar : add spi
2024-10-16 21:38:53,819 [INFO] IPUIPlugin:80 - create IPUIPlugin
2024-10-16 21:38:53,819 [INFO] PluginManager:220 - loadIPPluginJar : add stm32_wpan
2024-10-16 21:38:53,870 [INFO] IPUIPlugin:80 - create IPUIPlugin
2024-10-16 21:38:53,871 [INFO] PluginManager:220 - loadIPPluginJar : add tim
2024-10-16 21:38:53,994 [INFO] IPUIPlugin:80 - create IPUIPlugin
2024-10-16 21:38:53,994 [INFO] PluginManager:220 - loadIPPluginJar : add touchsensing
2024-10-16 21:38:54,042 [INFO] IPUIPlugin:80 - create IPUIPlugin
2024-10-16 21:38:54,042 [INFO] PluginManager:220 - loadIPPluginJar : add tracer_emb
2024-10-16 21:38:54,098 [INFO] IPUIPlugin:80 - create IPUIPlugin
2024-10-16 21:38:54,099 [INFO] PluginManager:220 - loadIPPluginJar : add ts
2024-10-16 21:38:54,150 [INFO] IPUIPlugin:80 - create IPUIPlugin
2024-10-16 21:38:54,150 [INFO] PluginManager:220 - loadIPPluginJar : add tsc
2024-10-16 21:38:54,199 [INFO] IPUIPlugin:80 - create IPUIPlugin
2024-10-16 21:38:54,199 [INFO] PluginManager:220 - loadIPPluginJar : add ucpd
2024-10-16 21:38:54,300 [INFO] IPUIPlugin:80 - create IPUIPlugin
2024-10-16 21:38:54,300 [INFO] PluginManager:220 - loadIPPluginJar : add usart
2024-10-16 21:38:54,392 [INFO] IPUIPlugin:80 - create IPUIPlugin
2024-10-16 21:38:54,393 [INFO] PluginManager:220 - loadIPPluginJar : add usbx
2024-10-16 21:38:54,588 [INFO] CADModel:165 - CPN selected for project level
2024-10-16 21:38:54,589 [INFO] CADModel:114 - Register for checkConnection events
2024-10-16 21:38:54,589 [FATAL] Updater:334 - Updater called before beeing initialized
2024-10-16 21:38:54,590 [ERROR] CADModel:125 - Updater not yet initialized, retry later 
2024-10-16 21:38:54,912 [INFO] CADModel:165 - CPN selected for project level
2024-10-16 21:38:54,912 [INFO] CADModel:114 - Register for checkConnection events
2024-10-16 21:38:54,912 [FATAL] Updater:334 - Updater called before beeing initialized
2024-10-16 21:38:54,912 [ERROR] CADModel:125 - Updater not yet initialized, retry later 
2024-10-16 21:38:54,920 [FATAL] Updater:334 - Updater called before beeing initialized
2024-10-16 21:38:55,164 [FATAL] Updater:334 - Updater called before beeing initialized
2024-10-16 21:38:55,188 [INFO] DbMcusAds:53 - JSON generation date=Fri Sep 20 07:04:23 CST 2024 (1726837463113)
2024-10-16 21:38:55,189 [FATAL] Updater:334 - Updater called before beeing initialized
2024-10-16 21:38:55,296 [WARN] DetailPanel:346 - Failed to get advertising image, set to default
2024-10-16 21:38:55,447 [INFO] ThirdPartyUpdaterWithRetryManager:70 - Updater plugin not ready yet. [3/15]
2024-10-16 21:38:55,471 [FATAL] Updater:334 - Updater called before beeing initialized
2024-10-16 21:38:55,476 [FATAL] Updater:334 - Updater called before beeing initialized
2024-10-16 21:38:55,476 [FATAL] Updater:334 - Updater called before beeing initialized
2024-10-16 21:38:55,476 [WARN] DetailPanel:346 - Failed to get advertising image, set to default
2024-10-16 21:38:55,479 [FATAL] Updater:334 - Updater called before beeing initialized
2024-10-16 21:38:55,621 [ERROR] Updater:1164 - MainUpdater not yet initialized. External WinMGr cannot be set.
2024-10-16 21:38:55,644 [INFO] Updater:1100 - Updater Version found : 6.12.0
2024-10-16 21:38:55,674 [INFO] ApplicationProperties:184 - Using Application install path: C:\ST\STM32CubeIDE_1.16.0\STM32CubeIDE\plugins\com.st.stm32cube.common.mx_6.12.0.202406281431
2024-10-16 21:38:57,276 [ERROR] LogOutputStream:75 - [STDERR_REDIRECT] Oct 16, 2024 9:38:57 PM java.util.prefs.WindowsPreferences <init>
2024-10-16 21:38:57,278 [ERROR] LogOutputStream:75 - [STDERR_REDIRECT] WARNING: Could not open/create prefs root node Software\JavaSoft\Prefs at root 0xffffffff80000002. Windows RegCreateKeyEx(...) returned error code 5.
2024-10-16 21:38:57,279 [ERROR] LogOutputStream:75 - [STDERR_REDIRECT] 
2024-10-16 21:38:57,927 [INFO] MainUpdater:2873 - connection check result : 10
2024-10-16 21:38:57,929 [INFO] MainUpdater:290 - Updater Check For Update Now.
2024-10-16 21:38:57,929 [INFO] MicroXplorer:498 - Change Database Version : DB.6.0.120
2024-10-16 21:38:57,959 [INFO] McuFinderGlobals:63 - Set McuFinder mode to 2 (CubeIDE integrated)
2024-10-16 21:38:57,970 [INFO] UserAuth:417 - Internet connection configuration mode: 1
2024-10-16 21:38:58,017 [INFO] JxBrowserEngine:152 - Initiate JxBrowser Engine with user profile folder
2024-10-16 21:38:58,232 [INFO] CheckServerUpdateThread:120 - End of CheckServer Thread
2024-10-16 21:38:58,789 [WARN] PackLoader:240 - Cannot read IP mode file for STMicroelectronics.FP-SNS-MOTENVWB1.1.4.0
2024-10-16 21:38:58,818 [WARN] PackLoader:240 - Cannot read IP mode file for STMicroelectronics.X-CUBE-SMBUS.2.1.0
2024-10-16 21:38:58,848 [WARN] PackLoader:240 - Cannot read IP mode file for STMicroelectronics.X-CUBE-WB05N.1.1.0
2024-10-16 21:38:58,921 [WARN] PackLoader:240 - Cannot read IP mode file for STMicroelectronics.X-CUBE-AZRTOS-F7.1.1.0
2024-10-16 21:38:59,055 [WARN] PackLoader:240 - Cannot read IP mode file for STMicroelectronics.X-CUBE-MEMS1.11.0.0
2024-10-16 21:38:59,265 [WARN] PackLoader:240 - Cannot read IP mode file for STMicroelectronics.FP-SNS-FLIGHT1.5.0.2
2024-10-16 21:38:59,292 [WARN] PackLoader:240 - Cannot read IP mode file for STMicroelectronics.X-CUBE-DISPLAY.3.0.0
2024-10-16 21:38:59,325 [WARN] PackLoader:240 - Cannot read IP mode file for STMicroelectronics.X-CUBE-BLE1.7.0.0
2024-10-16 21:38:59,371 [WARN] PackLoader:240 - Cannot read IP mode file for STMicroelectronics.X-CUBE-NFC10.1.0.0
2024-10-16 21:38:59,398 [WARN] PackLoader:240 - Cannot read IP mode file for emotas.I-CUBE-CANOPEN.1.3.0
2024-10-16 21:38:59,434 [WARN] PackLoader:240 - Cannot read IP mode file for STMicroelectronics.X-CUBE-BLEMGR.3.1.0
2024-10-16 21:38:59,460 [WARN] PackLoader:240 - Cannot read IP mode file for STMicroelectronics.FP-SNS-SMARTAG2.1.2.0
2024-10-16 21:38:59,495 [INFO] LogOutputStream:77 - [STDOUT_REDIRECT] 1 : Invalid condition id : UX_CORESTACK_Condition cause : null
2024-10-16 21:38:59,496 [INFO] LogOutputStream:77 - [STDOUT_REDIRECT] 1 : Invalid condition id : UX_CORESTACK_Condition cause : null
2024-10-16 21:38:59,498 [INFO] LogOutputStream:77 - [STDOUT_REDIRECT] 1 : Invalid condition id : UX_CORESTACK_Condition cause : null
2024-10-16 21:38:59,499 [INFO] LogOutputStream:77 - [STDOUT_REDIRECT] 1 : Invalid condition id : UX_CORESTACK_Condition cause : null
2024-10-16 21:38:59,501 [INFO] LogOutputStream:77 - [STDOUT_REDIRECT] 1 : Invalid condition id : UX_CORESTACK_Condition cause : null
2024-10-16 21:38:59,506 [WARN] PackLoader:240 - Cannot read IP mode file for STMicroelectronics.X-CUBE-AZRTOS-WL.2.0.0
2024-10-16 21:38:59,531 [WARN] PackLoader:240 - Cannot read IP mode file for STMicroelectronics.FP-SNS-MOTENV1.5.0.0
2024-10-16 21:38:59,553 [WARN] PackLoader:240 - Cannot read IP mode file for wolfSSL.I-CUBE-wolfMQTT.1.19.0
2024-10-16 21:38:59,584 [WARN] PackLoader:240 - Cannot read IP mode file for WES.I-CUBE-Cesium.1.3.0
2024-10-16 21:38:59,613 [WARN] PackLoader:240 - Cannot read IP mode file for STMicroelectronics.X-CUBE-BLE2.3.3.0
2024-10-16 21:38:59,644 [WARN] PackLoader:240 - Cannot read IP mode file for STMicroelectronics.X-CUBE-NFC9.1.0.0
2024-10-16 21:38:59,675 [WARN] PackLoader:240 - Cannot read IP mode file for STMicroelectronics.X-CUBE-TCPP.4.1.0
2024-10-16 21:38:59,723 [WARN] PackLoader:240 - Cannot read IP mode file for STMicroelectronics.X-CUBE-AZRTOS-G0.1.1.0
2024-10-16 21:38:59,757 [WARN] PackLoader:240 - Cannot read IP mode file for STMicroelectronics.X-CUBE-SAFEA1.1.2.2
2024-10-16 21:38:59,783 [WARN] PackLoader:240 - Cannot read IP mode file for STMicroelectronics.X-CUBE-NFC4.3.0.0
2024-10-16 21:38:59,814 [WARN] PackLoader:240 - Cannot read IP mode file for EmbeddedOffice.I-CUBE-FS-RTOS.1.0.1
2024-10-16 21:38:59,814 [ERROR] ConditionMgr:805 - Attr not supported : Dmpu
2024-10-16 21:38:59,815 [ERROR] ConditionMgr:805 - Attr not supported : Dmpu
2024-10-16 21:38:59,815 [ERROR] ConditionMgr:805 - Attr not supported : Dmpu
2024-10-16 21:38:59,815 [ERROR] ConditionMgr:805 - Attr not supported : Dmpu
2024-10-16 21:38:59,815 [ERROR] ConditionMgr:805 - Attr not supported : Dmpu
2024-10-16 21:38:59,816 [ERROR] ConditionMgr:805 - Attr not supported : Dmpu
2024-10-16 21:38:59,816 [ERROR] ConditionMgr:805 - Attr not supported : Dmpu
2024-10-16 21:38:59,816 [ERROR] ConditionMgr:805 - Attr not supported : Dmpu
2024-10-16 21:38:59,816 [ERROR] ConditionMgr:805 - Attr not supported : Dmpu
2024-10-16 21:38:59,816 [ERROR] ConditionMgr:805 - Attr not supported : Dmpu
2024-10-16 21:38:59,816 [ERROR] ConditionMgr:805 - Attr not supported : Dmpu
2024-10-16 21:38:59,816 [ERROR] ConditionMgr:805 - Attr not supported : Dmpu
2024-10-16 21:38:59,816 [ERROR] ConditionMgr:805 - Attr not supported : Dmpu
2024-10-16 21:38:59,816 [ERROR] ConditionMgr:805 - Attr not supported : Dmpu
2024-10-16 21:38:59,816 [ERROR] ConditionMgr:805 - Attr not supported : Dmpu
2024-10-16 21:38:59,817 [ERROR] ConditionMgr:805 - Attr not supported : Dmpu
2024-10-16 21:38:59,817 [ERROR] ConditionMgr:805 - Attr not supported : Dmpu
2024-10-16 21:38:59,817 [ERROR] ConditionMgr:805 - Attr not supported : Dmpu
2024-10-16 21:38:59,817 [ERROR] ConditionMgr:805 - Attr not supported : Dmpu
2024-10-16 21:38:59,817 [ERROR] ConditionMgr:805 - Attr not supported : Dmpu
2024-10-16 21:38:59,817 [ERROR] ConditionMgr:805 - Attr not supported : Dmpu
2024-10-16 21:38:59,817 [ERROR] ConditionMgr:805 - Attr not supported : Dmpu
2024-10-16 21:38:59,817 [ERROR] ConditionMgr:805 - Attr not supported : Dmpu
2024-10-16 21:38:59,817 [ERROR] ConditionMgr:805 - Attr not supported : Dmpu
2024-10-16 21:38:59,818 [ERROR] ConditionMgr:805 - Attr not supported : Dmpu
2024-10-16 21:38:59,818 [ERROR] ConditionMgr:805 - Attr not supported : Dmpu
2024-10-16 21:38:59,818 [ERROR] ConditionMgr:805 - Attr not supported : Dmpu
2024-10-16 21:38:59,818 [ERROR] ConditionMgr:805 - Attr not supported : Dmpu
2024-10-16 21:38:59,818 [ERROR] ConditionMgr:805 - Attr not supported : Dmpu
2024-10-16 21:38:59,818 [ERROR] ConditionMgr:805 - Attr not supported : Dmpu
2024-10-16 21:38:59,818 [ERROR] ConditionMgr:805 - Attr not supported : Dmpu
2024-10-16 21:38:59,818 [ERROR] ConditionMgr:805 - Attr not supported : Dmpu
2024-10-16 21:38:59,818 [ERROR] ConditionMgr:805 - Attr not supported : Dmpu
2024-10-16 21:38:59,819 [ERROR] ConditionMgr:805 - Attr not supported : Dmpu
2024-10-16 21:38:59,819 [ERROR] ConditionMgr:805 - Attr not supported : Dmpu
2024-10-16 21:38:59,819 [ERROR] ConditionMgr:805 - Attr not supported : Dmpu
2024-10-16 21:38:59,819 [ERROR] ConditionMgr:805 - Attr not supported : Dmpu
2024-10-16 21:38:59,819 [ERROR] ConditionMgr:805 - Attr not supported : Dmpu
2024-10-16 21:38:59,819 [ERROR] ConditionMgr:805 - Attr not supported : Dmpu
2024-10-16 21:38:59,819 [ERROR] ConditionMgr:805 - Attr not supported : Dmpu
2024-10-16 21:38:59,820 [ERROR] ConditionMgr:805 - Attr not supported : Dmpu
2024-10-16 21:38:59,820 [ERROR] ConditionMgr:805 - Attr not supported : Dmpu
2024-10-16 21:38:59,820 [ERROR] ConditionMgr:805 - Attr not supported : Dmpu
2024-10-16 21:38:59,820 [ERROR] ConditionMgr:805 - Attr not supported : Dmpu
2024-10-16 21:38:59,820 [ERROR] ConditionMgr:805 - Attr not supported : Dmpu
2024-10-16 21:38:59,820 [ERROR] ConditionMgr:805 - Attr not supported : Dmpu
2024-10-16 21:38:59,820 [ERROR] ConditionMgr:805 - Attr not supported : Dmpu
2024-10-16 21:38:59,820 [ERROR] ConditionMgr:805 - Attr not supported : Dmpu
2024-10-16 21:38:59,821 [ERROR] ConditionMgr:805 - Attr not supported : Dmpu
2024-10-16 21:38:59,821 [ERROR] ConditionMgr:805 - Attr not supported : Dmpu
2024-10-16 21:38:59,821 [ERROR] ConditionMgr:805 - Attr not supported : Dmpu
2024-10-16 21:38:59,821 [ERROR] ConditionMgr:805 - Attr not supported : Dmpu
2024-10-16 21:38:59,821 [ERROR] ConditionMgr:805 - Attr not supported : Dmpu
2024-10-16 21:38:59,821 [ERROR] ConditionMgr:805 - Attr not supported : Dmpu
2024-10-16 21:38:59,821 [ERROR] ConditionMgr:805 - Attr not supported : Dmpu
2024-10-16 21:38:59,821 [ERROR] ConditionMgr:805 - Attr not supported : Dmpu
2024-10-16 21:38:59,822 [ERROR] ConditionMgr:805 - Attr not supported : Dmpu
2024-10-16 21:38:59,822 [ERROR] ConditionMgr:805 - Attr not supported : Dmpu
2024-10-16 21:38:59,822 [ERROR] ConditionMgr:805 - Attr not supported : Dmpu
2024-10-16 21:38:59,822 [ERROR] ConditionMgr:805 - Attr not supported : Dmpu
2024-10-16 21:38:59,822 [ERROR] ConditionMgr:805 - Attr not supported : Dmpu
2024-10-16 21:38:59,822 [ERROR] ConditionMgr:805 - Attr not supported : Dmpu
2024-10-16 21:38:59,822 [ERROR] ConditionMgr:805 - Attr not supported : Dmpu
2024-10-16 21:38:59,822 [ERROR] ConditionMgr:805 - Attr not supported : Dmpu
2024-10-16 21:38:59,849 [WARN] PackLoader:240 - Cannot read IP mode file for RealThread.X-CUBE-RT-Thread_Nano.4.1.1
2024-10-16 21:38:59,869 [WARN] PackLoader:240 - Cannot read IP mode file for STMicroelectronics.FP-ATR-SIGFOX1.3.2.0
2024-10-16 21:38:59,891 [WARN] PackLoader:240 - Cannot read IP mode file for wolfSSL.I-CUBE-wolfSSL.5.7.2
2024-10-16 21:38:59,914 [WARN] PackLoader:240 - Cannot read IP mode file for STMicroelectronics.X-CUBE-EEPRMA1.5.1.0
2024-10-16 21:38:59,948 [WARN] PackLoader:240 - Cannot read IP mode file for ITTIA_DB.I-CUBE-ITTIADB.8.9.0
2024-10-16 21:39:00,002 [WARN] PackLoader:240 - Cannot read IP mode file for SEGGER.I-CUBE-embOS.1.3.1
2024-10-16 21:39:00,074 [WARN] PackLoader:240 - Cannot read IP mode file for STMicroelectronics.X-CUBE-ALGOBUILD.1.4.0
2024-10-16 21:39:00,162 [WARN] PackLoader:240 - Cannot read IP mode file for STMicroelectronics.X-CUBE-AI.9.1.0
2024-10-16 21:39:00,208 [WARN] PackLoader:240 - Cannot read IP mode file for STMicroelectronics.X-CUBE-GNSS1.6.0.0
2024-10-16 21:39:00,254 [WARN] PackLoader:240 - Cannot read IP mode file for STMicroelectronics.X-CUBE-AZRTOS-F4.1.1.0
2024-10-16 21:39:00,281 [WARN] PackLoader:240 - Cannot read IP mode file for STMicroelectronics.X-CUBE-ISPU.2.1.0
2024-10-16 21:39:00,307 [WARN] PackLoader:240 - Cannot read IP mode file for STMicroelectronics.X-CUBE-FREERTOS.1.2.0
2024-10-16 21:39:00,352 [WARN] PackLoader:240 - Cannot read IP mode file for STMicroelectronics.X-CUBE-AZRTOS-L5.2.0.0
2024-10-16 21:39:00,384 [WARN] PackLoader:240 - Cannot read IP mode file for STMicroelectronics.X-CUBE-NFC6.3.1.0
2024-10-16 21:39:00,410 [WARN] PackLoader:240 - Cannot read IP mode file for STMicroelectronics.X-CUBE-DPower.1.2.0
2024-10-16 21:39:00,433 [WARN] PackLoader:240 - Cannot read IP mode file for STMicroelectronics.X-CUBE-AI.9.0.0
2024-10-16 21:39:00,455 [WARN] PackLoader:240 - Cannot read IP mode file for STMicroelectronics.X-CUBE-NFC7.1.0.1
2024-10-16 21:39:00,501 [WARN] ConditionMgr:438 - getConditionDescription Invalid condition id : LAN8742 Phy interface Condition cause : null
2024-10-16 21:39:00,502 [WARN] PackLoader:240 - Cannot read IP mode file for STMicroelectronics.X-CUBE-AZRTOS-L4.2.0.0
2024-10-16 21:39:00,504 [WARN] ConditionMgr:1039 - genDependencies : Invalid condition id : LAN8742 Phy interface Condition cause : null
2024-10-16 21:39:00,505 [WARN] ConditionMgr:1039 - genDependencies : Invalid condition id : LAN8742 Phy interface Condition cause : null
2024-10-16 21:39:00,506 [WARN] ConditionMgr:1039 - genDependencies : Invalid condition id : LAN8742 Phy interface Condition cause : null
2024-10-16 21:39:00,534 [WARN] PackLoader:240 - Cannot read IP mode file for STMicroelectronics.X-CUBE-SFXS2LP1.4.0.0
2024-10-16 21:39:00,588 [WARN] PackLoader:240 - Cannot read IP mode file for STMicroelectronics.X-CUBE-AZRTOS-H7.3.3.0
2024-10-16 21:39:00,624 [WARN] PackLoader:240 - Cannot read IP mode file for STMicroelectronics.X-CUBE-IPS.3.0.0
2024-10-16 21:39:00,668 [WARN] ConditionMgr:438 - getConditionDescription Invalid condition id : UX DEVICE CLASS RTOS Condition cause : null
2024-10-16 21:39:00,668 [WARN] ConditionMgr:438 - getConditionDescription Invalid condition id : UX DEVICE CLASS RTOS Condition cause : null
2024-10-16 21:39:00,671 [WARN] PackLoader:240 - Cannot read IP mode file for STMicroelectronics.X-CUBE-AZRTOS-WB.2.0.0
2024-10-16 21:39:00,672 [WARN] ConditionMgr:1039 - genDependencies : Invalid condition id : UX DEVICE CLASS RTOS Condition cause : null
2024-10-16 21:39:00,673 [WARN] ConditionMgr:1039 - genDependencies : Invalid condition id : UX DEVICE CLASS RTOS Condition cause : null
2024-10-16 21:39:00,674 [WARN] ConditionMgr:1039 - genDependencies : Invalid condition id : UX DEVICE CLASS RTOS Condition cause : null
2024-10-16 21:39:00,674 [WARN] ConditionMgr:1039 - genDependencies : Invalid condition id : UX DEVICE CLASS RTOS Condition cause : null
2024-10-16 21:39:00,675 [WARN] ConditionMgr:1039 - genDependencies : Invalid condition id : UX DEVICE CLASS RTOS Condition cause : null
2024-10-16 21:39:00,701 [WARN] PackLoader:240 - Cannot read IP mode file for STMicroelectronics.X-CUBE-GNSS1.7.0.0
2024-10-16 21:39:00,726 [WARN] PackLoader:240 - Cannot read IP mode file for STMicroelectronics.FP-SNS-STBOX1.2.0.0
2024-10-16 21:39:00,758 [WARN] PackLoader:240 - Cannot read IP mode file for STMicroelectronics.X-CUBE-SUBG2.5.0.0
2024-10-16 21:39:00,789 [WARN] PackLoader:240 - Cannot read IP mode file for Cesanta.I-CUBE-Mongoose.7.13.0
2024-10-16 21:39:00,836 [WARN] PackLoader:240 - Cannot read IP mode file for STMicroelectronics.X-CUBE-AZRTOS-G4.2.0.0
2024-10-16 21:39:00,860 [WARN] PackLoader:240 - Cannot read IP mode file for STMicroelectronics.X-CUBE-ISPU.2.0.0
2024-10-16 21:39:00,882 [WARN] PackLoader:240 - Cannot read IP mode file for STMicroelectronics.X-CUBE-ALS.1.0.2
2024-10-16 21:39:00,908 [WARN] PackLoader:240 - Cannot read IP mode file for STMicroelectronics.X-CUBE-TOUCHGFX.4.24.0
2024-10-16 21:39:00,928 [WARN] PackLoader:240 - Cannot read IP mode file for STMicroelectronics.X-CUBE-TOUCHGFX.4.24.1
2024-10-16 21:39:00,948 [WARN] PackLoader:240 - Cannot read IP mode file for wolfSSL.I-CUBE-wolfTPM.3.4.0
2024-10-16 21:39:00,972 [WARN] PackLoader:240 - Cannot read IP mode file for portGmbH.I-Cube-SoM-uGOAL.1.1.0
2024-10-16 21:39:01,013 [WARN] PackLoader:240 - Cannot read IP mode file for STMicroelectronics.X-CUBE-AZRTOS-H7RS.1.0.0
2024-10-16 21:39:01,037 [WARN] PackLoader:240 - Cannot read IP mode file for STMicroelectronics.FP-ATR-ASTRA1.2.0.0
2024-10-16 21:39:01,069 [WARN] PackLoader:240 - Cannot read IP mode file for STMicroelectronics.X-CUBE-TOF1.3.4.2
2024-10-16 21:39:01,130 [WARN] PackLoader:240 - Cannot read IP mode file for Infineon.AIROC-Wi-Fi-Bluetooth-STM32.1.6.1
2024-10-16 21:39:01,157 [WARN] PackLoader:240 - Cannot read IP mode file for wolfSSL.I-CUBE-wolfSSH.1.4.17
2024-10-16 21:39:01,158 [INFO] ThirdParty:978 - Integrity check success = true
2024-10-16 21:39:01,158 [INFO] IntegrityCheckThread:100 - exiting critical section [integrity check]
2024-10-16 21:39:01,158 [INFO] IntegrityCheckThread:103 - End integrity checks thread
2024-10-16 21:39:06,273 [INFO] WebApp:167 - Instantiating new browser for Auth
2024-10-16 21:39:07,409 [INFO] WebApp:448 - Apply proxy settings
2024-10-16 21:39:07,409 [INFO] WebApp:533 - Chromium requires no authentication
2024-10-16 21:39:07,426 [INFO] WebApp:476 - Direct internet connection detected
2024-10-16 21:39:07,473 [INFO] WebApp:869 - Register for checkConnection events
2024-10-16 21:39:07,474 [INFO] WebApp:448 - Apply proxy settings
2024-10-16 21:39:07,474 [INFO] WebApp:533 - Chromium requires no authentication
2024-10-16 21:39:07,476 [INFO] WebApp:476 - Direct internet connection detected
2024-10-16 21:39:07,762 [INFO] WebApp:220 - Starting web application
2024-10-16 21:39:07,763 [INFO] WebApp:578 - Web application path used C:\ST\STM32CubeIDE_1.16.0\STM32CubeIDE\plugins\com.st.stm32cube.common.mx_6.12.0.202406281431\db\plugins\mcufinder\reactClient1\index.html
2024-10-16 21:39:07,987 [INFO] WebApp:186 - Connection restablished
2024-10-16 21:39:07,992 [INFO] UserAuth:417 - Internet connection configuration mode: 1
2024-10-16 21:41:44,828 [ERROR] LogOutputStream:75 - [STDERR_REDIRECT] 
2024-10-16 21:41:44,829 [ERROR] LogOutputStream:75 - [STDERR_REDIRECT] 
