2024-10-12 22:09:10,729 [INFO] Activator:176 - 


2024-10-12 22:09:10,738 [INFO] Activator:177 - !SESSION log4j initialized
2024-10-12 22:09:22,354 [INFO] LogOutputStream:77 - [STDOUT_REDIRECT] 
2024-10-12 22:09:28,756 [INFO] ApplicationProperties:184 - Using Application install path: C:\ST\STM32CubeIDE_1.16.0\STM32CubeIDE\plugins\com.st.stm32cube.common.mx_6.12.0.202406281431
2024-10-12 22:09:28,784 [INFO] DbMcusXml:78 - Set database path to: C:\ST\STM32CubeIDE_1.16.0\STM32CubeIDE\plugins\com.st.stm32cube.common.mx_6.12.0.202406281431\\db\/mcu/
2024-10-12 22:09:28,785 [INFO] ApiDb:274 - Set plugin database path to: C:\ST\STM32CubeIDE_1.16.0\STM32CubeIDE\plugins\com.st.stm32cube.common.mx_6.12.0.202406281431\\db\/plugins/boardmanager/
2024-10-12 22:09:28,785 [WARN] ApiDb:259 - Overriding images path with different value:  => C:\ST\STM32CubeIDE_1.16.0\STM32CubeIDE\plugins\com.st.stm32cube.common.mx_6.12.0.202406281431\\db\/plugins/mcufinder/images/
2024-10-12 22:09:28,799 [INFO] ApiDb:250 - Set database path to: C:\Users\alesa\.stmcufinder\plugins\mcufinder//mcu/
2024-10-12 22:09:28,802 [INFO] DbMcusAds:125 - Set database path to: C:\Users\alesa\.stmcufinder\plugins\mcufinder//mcu/
2024-10-12 22:09:28,806 [INFO] CrossReferenceDbSqlite:203 - Set database path to: C:\Users\alesa\.stmcufinder\plugins\mcufinder//mcu/cs/
2024-10-12 22:09:28,986 [INFO] RulesReader:64 - Compatibility file has been processed (297 Rules)
2024-10-12 22:09:29,114 [INFO] DbMcusXml:78 - Set database path to: C:\ST\STM32CubeIDE_1.16.0\STM32CubeIDE\plugins\com.st.stm32cube.common.mx_6.12.0.202406281431\\db\/mcu/
2024-10-12 22:09:29,114 [INFO] ApiDb:274 - Set plugin database path to: C:\ST\STM32CubeIDE_1.16.0\STM32CubeIDE\plugins\com.st.stm32cube.common.mx_6.12.0.202406281431\\db\/plugins/boardmanager/
2024-10-12 22:09:29,114 [INFO] ApiDb:261 - Set plugin images path to: C:\ST\STM32CubeIDE_1.16.0\STM32CubeIDE\plugins\com.st.stm32cube.common.mx_6.12.0.202406281431\\db\/plugins/mcufinder/images/
2024-10-12 22:09:29,115 [WARN] DbFile:41 - Overriding database path with different value: C:\Users\alesa\.stmcufinder\plugins\mcufinder/ => C:\Users\alesa\.stmcufinder\plugins\mcufinder
2024-10-12 22:09:29,115 [INFO] ApiDb:250 - Set database path to: C:\Users\alesa\.stmcufinder\plugins\mcufinder//mcu/
2024-10-12 22:09:29,115 [WARN] DbFile:41 - Overriding database path with different value: C:\Users\alesa\.stmcufinder\plugins\mcufinder/ => C:\Users\alesa\.stmcufinder\plugins\mcufinder
2024-10-12 22:09:29,115 [INFO] DbMcusAds:125 - Set database path to: C:\Users\alesa\.stmcufinder\plugins\mcufinder//mcu/
2024-10-12 22:09:29,115 [WARN] DbFile:41 - Overriding database path with different value: C:\Users\alesa\.stmcufinder\plugins\mcufinder/ => C:\Users\alesa\.stmcufinder\plugins\mcufinder
2024-10-12 22:09:29,116 [WARN] DbFile:41 - Overriding database path with different value: C:\Users\alesa\.stmcufinder\plugins\mcufinder/ => C:\Users\alesa\.stmcufinder\plugins\mcufinder
2024-10-12 22:09:29,116 [INFO] CrossReferenceDbSqlite:203 - Set database path to: C:\Users\alesa\.stmcufinder\plugins\mcufinder//mcu/cs/
2024-10-12 22:09:29,264 [INFO] MainPanel:268 - HeapMemory: 268435456
2024-10-12 22:09:29,470 [INFO] DbMcusXml:78 - Set database path to: C:\ST\STM32CubeIDE_1.16.0\STM32CubeIDE\plugins\com.st.stm32cube.common.mx_6.12.0.202406281431\\db\/mcu/
2024-10-12 22:09:29,470 [INFO] ApiDb:274 - Set plugin database path to: C:\ST\STM32CubeIDE_1.16.0\STM32CubeIDE\plugins\com.st.stm32cube.common.mx_6.12.0.202406281431\\db\/plugins/boardmanager/
2024-10-12 22:09:29,470 [INFO] ApiDb:261 - Set plugin images path to: C:\ST\STM32CubeIDE_1.16.0\STM32CubeIDE\plugins\com.st.stm32cube.common.mx_6.12.0.202406281431\\db\/plugins/mcufinder/images/
2024-10-12 22:09:29,471 [WARN] DbFile:41 - Overriding database path with different value: C:\Users\alesa\.stmcufinder\plugins\mcufinder/ => C:\Users\alesa\.stmcufinder\plugins\mcufinder
2024-10-12 22:09:29,472 [INFO] ApiDb:250 - Set database path to: C:\Users\alesa\.stmcufinder\plugins\mcufinder//mcu/
2024-10-12 22:09:29,472 [WARN] DbFile:41 - Overriding database path with different value: C:\Users\alesa\.stmcufinder\plugins\mcufinder/ => C:\Users\alesa\.stmcufinder\plugins\mcufinder
2024-10-12 22:09:29,472 [INFO] DbMcusAds:125 - Set database path to: C:\Users\alesa\.stmcufinder\plugins\mcufinder//mcu/
2024-10-12 22:09:29,472 [WARN] DbFile:41 - Overriding database path with different value: C:\Users\alesa\.stmcufinder\plugins\mcufinder/ => C:\Users\alesa\.stmcufinder\plugins\mcufinder
2024-10-12 22:09:29,472 [WARN] DbFile:41 - Overriding database path with different value: C:\Users\alesa\.stmcufinder\plugins\mcufinder/ => C:\Users\alesa\.stmcufinder\plugins\mcufinder
2024-10-12 22:09:29,473 [INFO] CrossReferenceDbSqlite:203 - Set database path to: C:\Users\alesa\.stmcufinder\plugins\mcufinder//mcu/cs/
2024-10-12 22:09:29,506 [INFO] ApplicationProperties:184 - Using Application install path: C:\ST\STM32CubeIDE_1.16.0\STM32CubeIDE\plugins\com.st.stm32cube.common.mx_6.12.0.202406281431
2024-10-12 22:09:29,509 [INFO] PluginManage:196 - Search for loadable plugins [exclusion list=, ]
2024-10-12 22:09:29,512 [INFO] PluginManage:310 - Check plugin analytics
2024-10-12 22:09:29,825 [INFO] AnalyticsPlugin:253 - Accepted Software Licenses: 
2024-10-12 22:09:29,826 [INFO] AnalyticsPlugin:255 - Accepted CMSIS Pack Licenses: 
2024-10-12 22:09:29,826 [INFO] AnalyticsPlugin:257 - Accepted Firmware Licenses: FW.F4.1.28.0
2024-10-12 22:09:29,832 [INFO] PluginManage:359 - Loaded plugin analytics (category:tool,tabindex:-1)
2024-10-12 22:09:29,832 [INFO] PluginManage:310 - Check plugin cadmodel
2024-10-12 22:09:29,855 [INFO] CADModel:105 - Init CAD model plugin
2024-10-12 22:09:29,856 [INFO] PluginManage:359 - Loaded plugin cadmodel (category:power,tabindex:5)
2024-10-12 22:09:29,856 [INFO] PluginManage:310 - Check plugin clock
2024-10-12 22:09:29,888 [INFO] PluginManage:359 - Loaded plugin clock (category:base,tabindex:2)
2024-10-12 22:09:29,889 [INFO] PluginManage:310 - Check plugin ddr
2024-10-12 22:09:29,895 [INFO] PluginManage:359 - Loaded plugin ddr (category:tool,tabindex:6)
2024-10-12 22:09:29,895 [INFO] PluginManage:310 - Check plugin filemanager
2024-10-12 22:09:30,104 [INFO] PluginManage:359 - Loaded plugin filemanager (category:base,tabindex:10)
2024-10-12 22:09:30,104 [INFO] PluginManage:310 - Check plugin ipmanager
2024-10-12 22:09:30,113 [INFO] PluginManage:359 - Loaded plugin ipmanager (category:base,tabindex:5)
2024-10-12 22:09:30,113 [INFO] PluginManage:310 - Check plugin lpbam
2024-10-12 22:09:30,137 [INFO] PluginManage:359 - Loaded plugin lpbam (category:base,tabindex:0)
2024-10-12 22:09:30,137 [INFO] PluginManage:310 - Check plugin memorymap
2024-10-12 22:09:30,171 [INFO] PluginManage:359 - Loaded plugin memorymap (category:base,tabindex:4)
2024-10-12 22:09:30,172 [INFO] PluginManage:310 - Check plugin pinoutandconfiguration
2024-10-12 22:09:30,195 [INFO] PluginManage:359 - Loaded plugin pinoutandconfiguration (category:base,tabindex:1)
2024-10-12 22:09:30,195 [INFO] PluginManage:310 - Check plugin pinoutconfig
2024-10-12 22:09:30,316 [WARN] SupportedApi:132 - Cannot load RTOS API schema: s4s-elt-must-match.1: The content of 'definitions' must match (annotation?, (simpleType | complexType)?, (unique | key | keyref)*)). A problem was found starting at: attribute.
2024-10-12 22:09:30,510 [INFO] PluginManage:359 - Loaded plugin pinoutconfig (category:base,tabindex:0)
2024-10-12 22:09:30,510 [INFO] PluginManage:310 - Check plugin power
2024-10-12 22:09:30,538 [INFO] PluginManage:359 - Loaded plugin power (category:power,tabindex:4)
2024-10-12 22:09:30,538 [INFO] PluginManage:310 - Check plugin projectmanager
2024-10-12 22:09:30,564 [INFO] PluginManage:359 - Loaded plugin projectmanager (category:projectmanager,tabindex:4)
2024-10-12 22:09:30,565 [INFO] PluginManage:310 - Check plugin rif
2024-10-12 22:09:30,584 [INFO] PluginManage:359 - Loaded plugin rif (category:base,tabindex:3)
2024-10-12 22:09:30,585 [INFO] PluginManage:310 - Check plugin thirdparty
2024-10-12 22:09:30,919 [INFO] PluginManage:359 - Loaded plugin thirdparty (category:base,tabindex:-1)
2024-10-12 22:09:30,919 [WARN] IntegrityCheckThread:84 - waiting for thirdparty lock release [integrity check]
2024-10-12 22:09:30,919 [INFO] IntegrityCheckThread:86 - entering critical section [integrity check]
2024-10-12 22:09:30,919 [INFO] PluginManage:310 - Check plugin tools
2024-10-12 22:09:30,920 [INFO] ThirdPartyUpdaterWithRetryManager:70 - Updater plugin not ready yet. [1/15]
2024-10-12 22:09:30,964 [INFO] PluginManage:359 - Loaded plugin tools (category:base,tabindex:7)
2024-10-12 22:09:30,964 [INFO] PluginManage:310 - Check plugin tutovideos
2024-10-12 22:09:31,252 [INFO] PluginManage:359 - Loaded plugin tutovideos (category:base,tabindex:-1)
2024-10-12 22:09:31,252 [INFO] PluginManage:310 - Check plugin updater
2024-10-12 22:09:31,275 [INFO] PluginManage:359 - Loaded plugin updater (category:base,tabindex:12)
2024-10-12 22:09:31,275 [INFO] PluginManage:310 - Check plugin userauth
2024-10-12 22:09:31,282 [INFO] UserAuth:113 - Init User Auth plugin
2024-10-12 22:09:31,283 [INFO] PluginManage:359 - Loaded plugin userauth (category:base,tabindex:14)
2024-10-12 22:09:31,283 [INFO] PluginManage:283 - PluginManage : Loaded plugins [18]
2024-10-12 22:09:31,614 [INFO] PinOutPanel:1561 - setPackage(No Configuration,No Configuration)
2024-10-12 22:09:31,788 [INFO] CADModel:165 - CPN selected for project level
2024-10-12 22:09:31,788 [INFO] CADModel:114 - Register for checkConnection events
2024-10-12 22:09:31,835 [INFO] IPUIPlugin:80 - create IPUIPlugin
2024-10-12 22:09:31,835 [INFO] PluginManager:220 - loadIPPluginJar : add adc
2024-10-12 22:09:31,904 [INFO] IPUIPlugin:80 - create IPUIPlugin
2024-10-12 22:09:31,905 [INFO] PluginManager:220 - loadIPPluginJar : add aes
2024-10-12 22:09:31,989 [INFO] IPUIPlugin:80 - create IPUIPlugin
2024-10-12 22:09:31,989 [INFO] PluginManager:220 - loadIPPluginJar : add can
2024-10-12 22:09:32,038 [INFO] IPUIPlugin:80 - create IPUIPlugin
2024-10-12 22:09:32,038 [INFO] PluginManager:220 - loadIPPluginJar : add comp
2024-10-12 22:09:32,115 [INFO] IPUIPlugin:80 - create IPUIPlugin
2024-10-12 22:09:32,116 [INFO] PluginManager:220 - loadIPPluginJar : add cryp
2024-10-12 22:09:32,132 [INFO] IPUIPlugin:80 - create IPUIPlugin
2024-10-12 22:09:32,132 [INFO] PluginManager:220 - loadIPPluginJar : add ddr_ctrl_phy
2024-10-12 22:09:32,176 [INFO] IPUIPlugin:80 - create IPUIPlugin
2024-10-12 22:09:32,176 [INFO] PluginManager:220 - loadIPPluginJar : add dfsdm
2024-10-12 22:09:32,193 [INFO] IPUIPlugin:80 - create IPUIPlugin
2024-10-12 22:09:32,193 [INFO] PluginManager:220 - loadIPPluginJar : add dma
2024-10-12 22:09:32,256 [INFO] IPUIPlugin:80 - create IPUIPlugin
2024-10-12 22:09:32,256 [INFO] PluginManager:220 - loadIPPluginJar : add dma3
2024-10-12 22:09:32,327 [INFO] IPUIPlugin:80 - create IPUIPlugin
2024-10-12 22:09:32,328 [INFO] PluginManager:220 - loadIPPluginJar : add extmemmanager
2024-10-12 22:09:32,367 [INFO] IPUIPlugin:80 - create IPUIPlugin
2024-10-12 22:09:32,367 [INFO] PluginManager:220 - loadIPPluginJar : add fatfs
2024-10-12 22:09:32,455 [INFO] IPUIPlugin:80 - create IPUIPlugin
2024-10-12 22:09:32,456 [INFO] PluginManager:220 - loadIPPluginJar : add fmc
2024-10-12 22:09:32,482 [INFO] IPUIPlugin:80 - create IPUIPlugin
2024-10-12 22:09:32,483 [INFO] PluginManager:220 - loadIPPluginJar : add freertos
2024-10-12 22:09:32,518 [INFO] IPUIPlugin:80 - create IPUIPlugin
2024-10-12 22:09:32,518 [INFO] PluginManager:220 - loadIPPluginJar : add genericplugin
2024-10-12 22:09:32,662 [INFO] IPUIPlugin:80 - create IPUIPlugin
2024-10-12 22:09:32,663 [INFO] PluginManager:220 - loadIPPluginJar : add gfxmmu
2024-10-12 22:09:32,866 [INFO] IPUIPlugin:80 - create IPUIPlugin
2024-10-12 22:09:32,866 [INFO] PluginManager:220 - loadIPPluginJar : add gic
2024-10-12 22:09:32,884 [INFO] IPUIPlugin:80 - create IPUIPlugin
2024-10-12 22:09:32,884 [INFO] PluginManager:220 - loadIPPluginJar : add gpio
2024-10-12 22:09:32,999 [INFO] IPUIPlugin:80 - create IPUIPlugin
2024-10-12 22:09:32,999 [INFO] PluginManager:220 - loadIPPluginJar : add gtzc
2024-10-12 22:09:33,045 [INFO] IPUIPlugin:80 - create IPUIPlugin
2024-10-12 22:09:33,045 [INFO] PluginManager:220 - loadIPPluginJar : add hash
2024-10-12 22:09:33,115 [INFO] IPUIPlugin:80 - create IPUIPlugin
2024-10-12 22:09:33,115 [INFO] PluginManager:220 - loadIPPluginJar : add i2c
2024-10-12 22:09:33,172 [INFO] IPUIPlugin:80 - create IPUIPlugin
2024-10-12 22:09:33,172 [INFO] PluginManager:220 - loadIPPluginJar : add i2s
2024-10-12 22:09:33,228 [INFO] IPUIPlugin:80 - create IPUIPlugin
2024-10-12 22:09:33,228 [INFO] PluginManager:220 - loadIPPluginJar : add i3c
2024-10-12 22:09:33,354 [INFO] IPUIPlugin:80 - create IPUIPlugin
2024-10-12 22:09:33,355 [INFO] PluginManager:220 - loadIPPluginJar : add ipddr
2024-10-12 22:09:33,478 [INFO] IPUIPlugin:80 - create IPUIPlugin
2024-10-12 22:09:33,478 [INFO] PluginManager:220 - loadIPPluginJar : add linkedlist
2024-10-12 22:09:33,525 [INFO] IPUIPlugin:80 - create IPUIPlugin
2024-10-12 22:09:33,525 [INFO] PluginManager:220 - loadIPPluginJar : add lorawan
2024-10-12 22:09:33,572 [INFO] IPUIPlugin:80 - create IPUIPlugin
2024-10-12 22:09:33,572 [INFO] PluginManager:220 - loadIPPluginJar : add ltdc
2024-10-12 22:09:33,588 [INFO] IPUIPlugin:80 - create IPUIPlugin
2024-10-12 22:09:33,588 [INFO] PluginManager:220 - loadIPPluginJar : add mdma
2024-10-12 22:09:33,603 [INFO] IPUIPlugin:80 - create IPUIPlugin
2024-10-12 22:09:33,604 [INFO] PluginManager:220 - loadIPPluginJar : add nvic
2024-10-12 22:09:33,656 [INFO] IPUIPlugin:80 - create IPUIPlugin
2024-10-12 22:09:33,656 [INFO] PluginManager:220 - loadIPPluginJar : add opamp
2024-10-12 22:09:33,741 [INFO] IPUIPlugin:80 - create IPUIPlugin
2024-10-12 22:09:33,741 [INFO] PluginManager:220 - loadIPPluginJar : add openamp
2024-10-12 22:09:33,805 [INFO] IPUIPlugin:80 - create IPUIPlugin
2024-10-12 22:09:33,805 [INFO] PluginManager:220 - loadIPPluginJar : add pdm2pcm
2024-10-12 22:09:33,823 [INFO] IPUIPlugin:80 - create IPUIPlugin
2024-10-12 22:09:33,826 [INFO] PluginManager:220 - loadIPPluginJar : add plateformsettings
2024-10-12 22:09:33,859 [INFO] IPUIPlugin:80 - create IPUIPlugin
2024-10-12 22:09:33,859 [INFO] PluginManager:220 - loadIPPluginJar : add quadspi
2024-10-12 22:09:33,897 [INFO] IPUIPlugin:80 - create IPUIPlugin
2024-10-12 22:09:33,898 [INFO] PluginManager:220 - loadIPPluginJar : add radio
2024-10-12 22:09:33,914 [INFO] IPUIPlugin:80 - create IPUIPlugin
2024-10-12 22:09:33,914 [INFO] PluginManager:220 - loadIPPluginJar : add resmgrutility
2024-10-12 22:09:33,923 [INFO] ThirdPartyUpdaterWithRetryManager:70 - Updater plugin not ready yet. [2/15]
2024-10-12 22:09:33,985 [INFO] IPUIPlugin:80 - create IPUIPlugin
2024-10-12 22:09:33,985 [INFO] PluginManager:220 - loadIPPluginJar : add sai
2024-10-12 22:09:34,037 [INFO] IPUIPlugin:80 - create IPUIPlugin
2024-10-12 22:09:34,037 [INFO] PluginManager:220 - loadIPPluginJar : add spi
2024-10-12 22:09:34,125 [INFO] IPUIPlugin:80 - create IPUIPlugin
2024-10-12 22:09:34,125 [INFO] PluginManager:220 - loadIPPluginJar : add stm32_wpan
2024-10-12 22:09:34,159 [INFO] IPUIPlugin:80 - create IPUIPlugin
2024-10-12 22:09:34,159 [INFO] PluginManager:220 - loadIPPluginJar : add tim
2024-10-12 22:09:34,248 [INFO] IPUIPlugin:80 - create IPUIPlugin
2024-10-12 22:09:34,248 [INFO] PluginManager:220 - loadIPPluginJar : add touchsensing
2024-10-12 22:09:34,280 [INFO] IPUIPlugin:80 - create IPUIPlugin
2024-10-12 22:09:34,280 [INFO] PluginManager:220 - loadIPPluginJar : add tracer_emb
2024-10-12 22:09:34,316 [INFO] IPUIPlugin:80 - create IPUIPlugin
2024-10-12 22:09:34,316 [INFO] PluginManager:220 - loadIPPluginJar : add ts
2024-10-12 22:09:34,351 [INFO] IPUIPlugin:80 - create IPUIPlugin
2024-10-12 22:09:34,351 [INFO] PluginManager:220 - loadIPPluginJar : add tsc
2024-10-12 22:09:34,382 [INFO] IPUIPlugin:80 - create IPUIPlugin
2024-10-12 22:09:34,383 [INFO] PluginManager:220 - loadIPPluginJar : add ucpd
2024-10-12 22:09:34,449 [INFO] IPUIPlugin:80 - create IPUIPlugin
2024-10-12 22:09:34,449 [INFO] PluginManager:220 - loadIPPluginJar : add usart
2024-10-12 22:09:34,523 [INFO] IPUIPlugin:80 - create IPUIPlugin
2024-10-12 22:09:34,523 [INFO] PluginManager:220 - loadIPPluginJar : add usbx
2024-10-12 22:09:34,677 [INFO] CADModel:165 - CPN selected for project level
2024-10-12 22:09:34,678 [INFO] CADModel:114 - Register for checkConnection events
2024-10-12 22:09:34,678 [FATAL] Updater:334 - Updater called before beeing initialized
2024-10-12 22:09:34,678 [ERROR] CADModel:125 - Updater not yet initialized, retry later 
2024-10-12 22:09:34,911 [INFO] CADModel:165 - CPN selected for project level
2024-10-12 22:09:34,911 [INFO] CADModel:114 - Register for checkConnection events
2024-10-12 22:09:34,911 [FATAL] Updater:334 - Updater called before beeing initialized
2024-10-12 22:09:34,911 [ERROR] CADModel:125 - Updater not yet initialized, retry later 
2024-10-12 22:09:34,916 [FATAL] Updater:334 - Updater called before beeing initialized
2024-10-12 22:09:35,072 [FATAL] Updater:334 - Updater called before beeing initialized
2024-10-12 22:09:35,087 [INFO] DbMcusAds:53 - JSON generation date=Fri Sep 20 07:04:23 CST 2024 (1726837463113)
2024-10-12 22:09:35,087 [FATAL] Updater:334 - Updater called before beeing initialized
2024-10-12 22:09:35,147 [WARN] DetailPanel:346 - Failed to get advertising image, set to default
2024-10-12 22:09:35,290 [FATAL] Updater:334 - Updater called before beeing initialized
2024-10-12 22:09:35,294 [FATAL] Updater:334 - Updater called before beeing initialized
2024-10-12 22:09:35,294 [FATAL] Updater:334 - Updater called before beeing initialized
2024-10-12 22:09:35,294 [WARN] DetailPanel:346 - Failed to get advertising image, set to default
2024-10-12 22:09:35,296 [FATAL] Updater:334 - Updater called before beeing initialized
2024-10-12 22:09:35,386 [ERROR] Updater:1164 - MainUpdater not yet initialized. External WinMGr cannot be set.
2024-10-12 22:09:35,400 [INFO] Updater:1100 - Updater Version found : 6.12.0
2024-10-12 22:09:35,426 [INFO] ApplicationProperties:184 - Using Application install path: C:\ST\STM32CubeIDE_1.16.0\STM32CubeIDE\plugins\com.st.stm32cube.common.mx_6.12.0.202406281431
2024-10-12 22:09:36,927 [INFO] ThirdPartyUpdaterWithRetryManager:70 - Updater plugin not ready yet. [3/15]
2024-10-12 22:09:37,019 [ERROR] LogOutputStream:75 - [STDERR_REDIRECT] Oct 12, 2024 10:09:37 PM java.util.prefs.WindowsPreferences <init>
2024-10-12 22:09:37,021 [ERROR] LogOutputStream:75 - [STDERR_REDIRECT] WARNING: Could not open/create prefs root node Software\JavaSoft\Prefs at root 0xffffffff80000002. Windows RegCreateKeyEx(...) returned error code 5.
2024-10-12 22:09:37,021 [ERROR] LogOutputStream:75 - [STDERR_REDIRECT] 
2024-10-12 22:09:37,482 [INFO] MainUpdater:2873 - connection check result : 10
2024-10-12 22:09:37,484 [INFO] MainUpdater:290 - Updater Check For Update Now.
2024-10-12 22:09:37,484 [INFO] MicroXplorer:498 - Change Database Version : DB.6.0.120
2024-10-12 22:09:37,510 [INFO] McuFinderGlobals:63 - Set McuFinder mode to 2 (CubeIDE integrated)
2024-10-12 22:09:37,519 [INFO] UserAuth:417 - Internet connection configuration mode: 1
2024-10-12 22:09:37,554 [INFO] JxBrowserEngine:152 - Initiate JxBrowser Engine with user profile folder
2024-10-12 22:09:37,755 [INFO] CheckServerUpdateThread:120 - End of CheckServer Thread
2024-10-12 22:09:40,432 [WARN] PackLoader:240 - Cannot read IP mode file for STMicroelectronics.FP-SNS-MOTENVWB1.1.4.0
2024-10-12 22:09:40,473 [WARN] PackLoader:240 - Cannot read IP mode file for STMicroelectronics.X-CUBE-SMBUS.2.1.0
2024-10-12 22:09:40,506 [WARN] PackLoader:240 - Cannot read IP mode file for STMicroelectronics.X-CUBE-WB05N.1.1.0
2024-10-12 22:09:40,575 [WARN] PackLoader:240 - Cannot read IP mode file for STMicroelectronics.X-CUBE-AZRTOS-F7.1.1.0
2024-10-12 22:09:40,704 [WARN] PackLoader:240 - Cannot read IP mode file for STMicroelectronics.X-CUBE-MEMS1.11.0.0
2024-10-12 22:09:40,903 [WARN] PackLoader:240 - Cannot read IP mode file for STMicroelectronics.FP-SNS-FLIGHT1.5.0.2
2024-10-12 22:09:40,926 [WARN] PackLoader:240 - Cannot read IP mode file for STMicroelectronics.X-CUBE-DISPLAY.3.0.0
2024-10-12 22:09:40,955 [WARN] PackLoader:240 - Cannot read IP mode file for STMicroelectronics.X-CUBE-BLE1.7.0.0
2024-10-12 22:09:40,983 [WARN] PackLoader:240 - Cannot read IP mode file for STMicroelectronics.X-CUBE-NFC10.1.0.0
2024-10-12 22:09:41,008 [WARN] PackLoader:240 - Cannot read IP mode file for emotas.I-CUBE-CANOPEN.1.3.0
2024-10-12 22:09:41,031 [WARN] PackLoader:240 - Cannot read IP mode file for STMicroelectronics.X-CUBE-BLEMGR.3.1.0
2024-10-12 22:09:41,056 [WARN] PackLoader:240 - Cannot read IP mode file for STMicroelectronics.FP-SNS-SMARTAG2.1.2.0
2024-10-12 22:09:41,086 [INFO] LogOutputStream:77 - [STDOUT_REDIRECT] 1 : Invalid condition id : UX_CORESTACK_Condition cause : null
2024-10-12 22:09:41,087 [INFO] LogOutputStream:77 - [STDOUT_REDIRECT] 1 : Invalid condition id : UX_CORESTACK_Condition cause : null
2024-10-12 22:09:41,088 [INFO] LogOutputStream:77 - [STDOUT_REDIRECT] 1 : Invalid condition id : UX_CORESTACK_Condition cause : null
2024-10-12 22:09:41,090 [INFO] LogOutputStream:77 - [STDOUT_REDIRECT] 1 : Invalid condition id : UX_CORESTACK_Condition cause : null
2024-10-12 22:09:41,091 [INFO] LogOutputStream:77 - [STDOUT_REDIRECT] 1 : Invalid condition id : UX_CORESTACK_Condition cause : null
2024-10-12 22:09:41,101 [WARN] PackLoader:240 - Cannot read IP mode file for STMicroelectronics.X-CUBE-AZRTOS-WL.2.0.0
2024-10-12 22:09:41,126 [WARN] PackLoader:240 - Cannot read IP mode file for STMicroelectronics.FP-SNS-MOTENV1.5.0.0
2024-10-12 22:09:41,146 [WARN] PackLoader:240 - Cannot read IP mode file for wolfSSL.I-CUBE-wolfMQTT.1.19.0
2024-10-12 22:09:41,168 [WARN] PackLoader:240 - Cannot read IP mode file for WES.I-CUBE-Cesium.1.3.0
2024-10-12 22:09:41,188 [WARN] PackLoader:240 - Cannot read IP mode file for STMicroelectronics.X-CUBE-BLE2.3.3.0
2024-10-12 22:09:41,209 [WARN] PackLoader:240 - Cannot read IP mode file for STMicroelectronics.X-CUBE-NFC9.1.0.0
2024-10-12 22:09:41,234 [WARN] PackLoader:240 - Cannot read IP mode file for STMicroelectronics.X-CUBE-TCPP.4.1.0
2024-10-12 22:09:41,273 [WARN] PackLoader:240 - Cannot read IP mode file for STMicroelectronics.X-CUBE-AZRTOS-G0.1.1.0
2024-10-12 22:09:41,300 [WARN] PackLoader:240 - Cannot read IP mode file for STMicroelectronics.X-CUBE-SAFEA1.1.2.2
2024-10-12 22:09:41,322 [WARN] PackLoader:240 - Cannot read IP mode file for STMicroelectronics.X-CUBE-NFC4.3.0.0
2024-10-12 22:09:41,347 [WARN] PackLoader:240 - Cannot read IP mode file for EmbeddedOffice.I-CUBE-FS-RTOS.1.0.1
2024-10-12 22:09:41,348 [ERROR] ConditionMgr:805 - Attr not supported : Dmpu
2024-10-12 22:09:41,348 [ERROR] ConditionMgr:805 - Attr not supported : Dmpu
2024-10-12 22:09:41,348 [ERROR] ConditionMgr:805 - Attr not supported : Dmpu
2024-10-12 22:09:41,348 [ERROR] ConditionMgr:805 - Attr not supported : Dmpu
2024-10-12 22:09:41,348 [ERROR] ConditionMgr:805 - Attr not supported : Dmpu
2024-10-12 22:09:41,348 [ERROR] ConditionMgr:805 - Attr not supported : Dmpu
2024-10-12 22:09:41,349 [ERROR] ConditionMgr:805 - Attr not supported : Dmpu
2024-10-12 22:09:41,349 [ERROR] ConditionMgr:805 - Attr not supported : Dmpu
2024-10-12 22:09:41,349 [ERROR] ConditionMgr:805 - Attr not supported : Dmpu
2024-10-12 22:09:41,349 [ERROR] ConditionMgr:805 - Attr not supported : Dmpu
2024-10-12 22:09:41,349 [ERROR] ConditionMgr:805 - Attr not supported : Dmpu
2024-10-12 22:09:41,349 [ERROR] ConditionMgr:805 - Attr not supported : Dmpu
2024-10-12 22:09:41,349 [ERROR] ConditionMgr:805 - Attr not supported : Dmpu
2024-10-12 22:09:41,349 [ERROR] ConditionMgr:805 - Attr not supported : Dmpu
2024-10-12 22:09:41,349 [ERROR] ConditionMgr:805 - Attr not supported : Dmpu
2024-10-12 22:09:41,350 [ERROR] ConditionMgr:805 - Attr not supported : Dmpu
2024-10-12 22:09:41,350 [ERROR] ConditionMgr:805 - Attr not supported : Dmpu
2024-10-12 22:09:41,350 [ERROR] ConditionMgr:805 - Attr not supported : Dmpu
2024-10-12 22:09:41,350 [ERROR] ConditionMgr:805 - Attr not supported : Dmpu
2024-10-12 22:09:41,350 [ERROR] ConditionMgr:805 - Attr not supported : Dmpu
2024-10-12 22:09:41,350 [ERROR] ConditionMgr:805 - Attr not supported : Dmpu
2024-10-12 22:09:41,350 [ERROR] ConditionMgr:805 - Attr not supported : Dmpu
2024-10-12 22:09:41,350 [ERROR] ConditionMgr:805 - Attr not supported : Dmpu
2024-10-12 22:09:41,350 [ERROR] ConditionMgr:805 - Attr not supported : Dmpu
2024-10-12 22:09:41,350 [ERROR] ConditionMgr:805 - Attr not supported : Dmpu
2024-10-12 22:09:41,351 [ERROR] ConditionMgr:805 - Attr not supported : Dmpu
2024-10-12 22:09:41,351 [ERROR] ConditionMgr:805 - Attr not supported : Dmpu
2024-10-12 22:09:41,351 [ERROR] ConditionMgr:805 - Attr not supported : Dmpu
2024-10-12 22:09:41,351 [ERROR] ConditionMgr:805 - Attr not supported : Dmpu
2024-10-12 22:09:41,351 [ERROR] ConditionMgr:805 - Attr not supported : Dmpu
2024-10-12 22:09:41,351 [ERROR] ConditionMgr:805 - Attr not supported : Dmpu
2024-10-12 22:09:41,351 [ERROR] ConditionMgr:805 - Attr not supported : Dmpu
2024-10-12 22:09:41,351 [ERROR] ConditionMgr:805 - Attr not supported : Dmpu
2024-10-12 22:09:41,351 [ERROR] ConditionMgr:805 - Attr not supported : Dmpu
2024-10-12 22:09:41,351 [ERROR] ConditionMgr:805 - Attr not supported : Dmpu
2024-10-12 22:09:41,352 [ERROR] ConditionMgr:805 - Attr not supported : Dmpu
2024-10-12 22:09:41,352 [ERROR] ConditionMgr:805 - Attr not supported : Dmpu
2024-10-12 22:09:41,352 [ERROR] ConditionMgr:805 - Attr not supported : Dmpu
2024-10-12 22:09:41,352 [ERROR] ConditionMgr:805 - Attr not supported : Dmpu
2024-10-12 22:09:41,352 [ERROR] ConditionMgr:805 - Attr not supported : Dmpu
2024-10-12 22:09:41,352 [ERROR] ConditionMgr:805 - Attr not supported : Dmpu
2024-10-12 22:09:41,352 [ERROR] ConditionMgr:805 - Attr not supported : Dmpu
2024-10-12 22:09:41,352 [ERROR] ConditionMgr:805 - Attr not supported : Dmpu
2024-10-12 22:09:41,352 [ERROR] ConditionMgr:805 - Attr not supported : Dmpu
2024-10-12 22:09:41,353 [ERROR] ConditionMgr:805 - Attr not supported : Dmpu
2024-10-12 22:09:41,353 [ERROR] ConditionMgr:805 - Attr not supported : Dmpu
2024-10-12 22:09:41,353 [ERROR] ConditionMgr:805 - Attr not supported : Dmpu
2024-10-12 22:09:41,353 [ERROR] ConditionMgr:805 - Attr not supported : Dmpu
2024-10-12 22:09:41,353 [ERROR] ConditionMgr:805 - Attr not supported : Dmpu
2024-10-12 22:09:41,353 [ERROR] ConditionMgr:805 - Attr not supported : Dmpu
2024-10-12 22:09:41,353 [ERROR] ConditionMgr:805 - Attr not supported : Dmpu
2024-10-12 22:09:41,353 [ERROR] ConditionMgr:805 - Attr not supported : Dmpu
2024-10-12 22:09:41,353 [ERROR] ConditionMgr:805 - Attr not supported : Dmpu
2024-10-12 22:09:41,353 [ERROR] ConditionMgr:805 - Attr not supported : Dmpu
2024-10-12 22:09:41,353 [ERROR] ConditionMgr:805 - Attr not supported : Dmpu
2024-10-12 22:09:41,354 [ERROR] ConditionMgr:805 - Attr not supported : Dmpu
2024-10-12 22:09:41,354 [ERROR] ConditionMgr:805 - Attr not supported : Dmpu
2024-10-12 22:09:41,354 [ERROR] ConditionMgr:805 - Attr not supported : Dmpu
2024-10-12 22:09:41,354 [ERROR] ConditionMgr:805 - Attr not supported : Dmpu
2024-10-12 22:09:41,354 [ERROR] ConditionMgr:805 - Attr not supported : Dmpu
2024-10-12 22:09:41,354 [ERROR] ConditionMgr:805 - Attr not supported : Dmpu
2024-10-12 22:09:41,354 [ERROR] ConditionMgr:805 - Attr not supported : Dmpu
2024-10-12 22:09:41,354 [ERROR] ConditionMgr:805 - Attr not supported : Dmpu
2024-10-12 22:09:41,354 [ERROR] ConditionMgr:805 - Attr not supported : Dmpu
2024-10-12 22:09:41,376 [WARN] PackLoader:240 - Cannot read IP mode file for RealThread.X-CUBE-RT-Thread_Nano.4.1.1
2024-10-12 22:09:41,397 [WARN] PackLoader:240 - Cannot read IP mode file for STMicroelectronics.FP-ATR-SIGFOX1.3.2.0
2024-10-12 22:09:41,413 [WARN] PackLoader:240 - Cannot read IP mode file for wolfSSL.I-CUBE-wolfSSL.5.7.2
2024-10-12 22:09:41,435 [WARN] PackLoader:240 - Cannot read IP mode file for STMicroelectronics.X-CUBE-EEPRMA1.5.1.0
2024-10-12 22:09:41,464 [WARN] PackLoader:240 - Cannot read IP mode file for ITTIA_DB.I-CUBE-ITTIADB.8.9.0
2024-10-12 22:09:41,507 [WARN] PackLoader:240 - Cannot read IP mode file for SEGGER.I-CUBE-embOS.1.3.1
2024-10-12 22:09:41,583 [WARN] PackLoader:240 - Cannot read IP mode file for STMicroelectronics.X-CUBE-ALGOBUILD.1.4.0
2024-10-12 22:09:41,607 [WARN] PackLoader:240 - Cannot read IP mode file for STMicroelectronics.X-CUBE-AI.9.1.0
2024-10-12 22:09:41,631 [WARN] PackLoader:240 - Cannot read IP mode file for STMicroelectronics.X-CUBE-GNSS1.6.0.0
2024-10-12 22:09:41,667 [WARN] PackLoader:240 - Cannot read IP mode file for STMicroelectronics.X-CUBE-AZRTOS-F4.1.1.0
2024-10-12 22:09:41,689 [WARN] PackLoader:240 - Cannot read IP mode file for STMicroelectronics.X-CUBE-ISPU.2.1.0
2024-10-12 22:09:41,709 [WARN] PackLoader:240 - Cannot read IP mode file for STMicroelectronics.X-CUBE-FREERTOS.1.2.0
2024-10-12 22:09:41,744 [WARN] PackLoader:240 - Cannot read IP mode file for STMicroelectronics.X-CUBE-AZRTOS-L5.2.0.0
2024-10-12 22:09:41,770 [WARN] PackLoader:240 - Cannot read IP mode file for STMicroelectronics.X-CUBE-NFC6.3.1.0
2024-10-12 22:09:41,792 [WARN] PackLoader:240 - Cannot read IP mode file for STMicroelectronics.X-CUBE-DPower.1.2.0
2024-10-12 22:09:41,809 [WARN] PackLoader:240 - Cannot read IP mode file for STMicroelectronics.X-CUBE-AI.9.0.0
2024-10-12 22:09:41,827 [WARN] PackLoader:240 - Cannot read IP mode file for STMicroelectronics.X-CUBE-NFC7.1.0.1
2024-10-12 22:09:41,874 [WARN] ConditionMgr:438 - getConditionDescription Invalid condition id : LAN8742 Phy interface Condition cause : null
2024-10-12 22:09:41,875 [WARN] PackLoader:240 - Cannot read IP mode file for STMicroelectronics.X-CUBE-AZRTOS-L4.2.0.0
2024-10-12 22:09:41,876 [WARN] ConditionMgr:1039 - genDependencies : Invalid condition id : LAN8742 Phy interface Condition cause : null
2024-10-12 22:09:41,877 [WARN] ConditionMgr:1039 - genDependencies : Invalid condition id : LAN8742 Phy interface Condition cause : null
2024-10-12 22:09:41,878 [WARN] ConditionMgr:1039 - genDependencies : Invalid condition id : LAN8742 Phy interface Condition cause : null
2024-10-12 22:09:41,901 [WARN] PackLoader:240 - Cannot read IP mode file for STMicroelectronics.X-CUBE-SFXS2LP1.4.0.0
2024-10-12 22:09:41,950 [WARN] PackLoader:240 - Cannot read IP mode file for STMicroelectronics.X-CUBE-AZRTOS-H7.3.3.0
2024-10-12 22:09:41,980 [WARN] PackLoader:240 - Cannot read IP mode file for STMicroelectronics.X-CUBE-IPS.3.0.0
2024-10-12 22:09:42,020 [WARN] ConditionMgr:438 - getConditionDescription Invalid condition id : UX DEVICE CLASS RTOS Condition cause : null
2024-10-12 22:09:42,020 [WARN] ConditionMgr:438 - getConditionDescription Invalid condition id : UX DEVICE CLASS RTOS Condition cause : null
2024-10-12 22:09:42,022 [WARN] PackLoader:240 - Cannot read IP mode file for STMicroelectronics.X-CUBE-AZRTOS-WB.2.0.0
2024-10-12 22:09:42,023 [WARN] ConditionMgr:1039 - genDependencies : Invalid condition id : UX DEVICE CLASS RTOS Condition cause : null
2024-10-12 22:09:42,023 [WARN] ConditionMgr:1039 - genDependencies : Invalid condition id : UX DEVICE CLASS RTOS Condition cause : null
2024-10-12 22:09:42,024 [WARN] ConditionMgr:1039 - genDependencies : Invalid condition id : UX DEVICE CLASS RTOS Condition cause : null
2024-10-12 22:09:42,024 [WARN] ConditionMgr:1039 - genDependencies : Invalid condition id : UX DEVICE CLASS RTOS Condition cause : null
2024-10-12 22:09:42,024 [WARN] ConditionMgr:1039 - genDependencies : Invalid condition id : UX DEVICE CLASS RTOS Condition cause : null
2024-10-12 22:09:42,041 [WARN] PackLoader:240 - Cannot read IP mode file for STMicroelectronics.X-CUBE-GNSS1.7.0.0
2024-10-12 22:09:42,057 [WARN] PackLoader:240 - Cannot read IP mode file for STMicroelectronics.FP-SNS-STBOX1.2.0.0
2024-10-12 22:09:42,082 [WARN] PackLoader:240 - Cannot read IP mode file for STMicroelectronics.X-CUBE-SUBG2.5.0.0
2024-10-12 22:09:42,101 [WARN] PackLoader:240 - Cannot read IP mode file for Cesanta.I-CUBE-Mongoose.7.13.0
2024-10-12 22:09:42,137 [WARN] PackLoader:240 - Cannot read IP mode file for STMicroelectronics.X-CUBE-AZRTOS-G4.2.0.0
2024-10-12 22:09:42,163 [WARN] PackLoader:240 - Cannot read IP mode file for STMicroelectronics.X-CUBE-ISPU.2.0.0
2024-10-12 22:09:42,180 [WARN] PackLoader:240 - Cannot read IP mode file for STMicroelectronics.X-CUBE-ALS.1.0.2
2024-10-12 22:09:42,199 [WARN] PackLoader:240 - Cannot read IP mode file for STMicroelectronics.X-CUBE-TOUCHGFX.4.24.0
2024-10-12 22:09:42,216 [WARN] PackLoader:240 - Cannot read IP mode file for STMicroelectronics.X-CUBE-TOUCHGFX.4.24.1
2024-10-12 22:09:42,234 [WARN] PackLoader:240 - Cannot read IP mode file for wolfSSL.I-CUBE-wolfTPM.3.4.0
2024-10-12 22:09:42,255 [WARN] PackLoader:240 - Cannot read IP mode file for portGmbH.I-Cube-SoM-uGOAL.1.1.0
2024-10-12 22:09:42,297 [WARN] PackLoader:240 - Cannot read IP mode file for STMicroelectronics.X-CUBE-AZRTOS-H7RS.1.0.0
2024-10-12 22:09:42,317 [WARN] PackLoader:240 - Cannot read IP mode file for STMicroelectronics.FP-ATR-ASTRA1.2.0.0
2024-10-12 22:09:42,343 [WARN] PackLoader:240 - Cannot read IP mode file for STMicroelectronics.X-CUBE-TOF1.3.4.2
2024-10-12 22:09:42,397 [WARN] PackLoader:240 - Cannot read IP mode file for Infineon.AIROC-Wi-Fi-Bluetooth-STM32.1.6.1
2024-10-12 22:09:42,423 [WARN] PackLoader:240 - Cannot read IP mode file for wolfSSL.I-CUBE-wolfSSH.1.4.17
2024-10-12 22:09:42,423 [INFO] ThirdParty:978 - Integrity check success = true
2024-10-12 22:09:42,424 [INFO] IntegrityCheckThread:100 - exiting critical section [integrity check]
2024-10-12 22:09:42,424 [INFO] IntegrityCheckThread:103 - End integrity checks thread
2024-10-12 22:09:45,774 [INFO] WebApp:167 - Instantiating new browser for Auth
2024-10-12 22:09:47,738 [INFO] WebApp:448 - Apply proxy settings
2024-10-12 22:09:47,739 [INFO] WebApp:533 - Chromium requires no authentication
2024-10-12 22:09:47,769 [INFO] WebApp:476 - Direct internet connection detected
2024-10-12 22:09:47,832 [INFO] WebApp:869 - Register for checkConnection events
2024-10-12 22:09:47,833 [INFO] WebApp:448 - Apply proxy settings
2024-10-12 22:09:47,833 [INFO] WebApp:533 - Chromium requires no authentication
2024-10-12 22:09:47,834 [INFO] WebApp:476 - Direct internet connection detected
2024-10-12 22:09:48,190 [INFO] WebApp:186 - Connection restablished
2024-10-12 22:09:48,538 [INFO] WebApp:220 - Starting web application
2024-10-12 22:09:48,538 [INFO] WebApp:578 - Web application path used C:\ST\STM32CubeIDE_1.16.0\STM32CubeIDE\plugins\com.st.stm32cube.common.mx_6.12.0.202406281431\db\plugins\mcufinder\reactClient1\index.html
2024-10-12 22:09:49,085 [INFO] UserAuth:417 - Internet connection configuration mode: 1
2024-10-12 22:22:42,342 [ERROR] LogOutputStream:75 - [STDERR_REDIRECT] 
